[DEBUG] 15:51:21 : Using Log4J as the default logging framework
[DEBUG] 15:51:21 : -Dio.netty.eventLoopThreads: 16
[DEBUG] 15:51:21 : java.nio.Buffer.address: available
[DEBUG] 15:51:21 : sun.misc.Unsafe.theUnsafe: available
[DEBUG] 15:51:21 : sun.misc.Unsafe.copyMemory: available
[DEBUG] 15:51:21 : java.nio.Bits.unaligned: true
[DEBUG] 15:51:21 : Platform: Windows
[DEBUG] 15:51:21 : Java version: 8
[DEBUG] 15:51:21 : -Dio.netty.noUnsafe: false
[DEBUG] 15:51:21 : sun.misc.Unsafe: available
[DEBUG] 15:51:21 : -Dio.netty.noJavassist: false
[DEBUG] 15:51:21 : Javassist: unavailable
[DEBUG] 15:51:21 : You don't have Javassist in your class path or you don't have enough permission to load dynamically generated classes.  Please check the configuration for better performance.
[DEBUG] 15:51:21 : -Dio.netty.tmpdir: C:\Users\18910\AppData\Local\Temp (java.io.tmpdir)
[DEBUG] 15:51:21 : -Dio.netty.bitMode: 64 (sun.arch.data.model)
[DEBUG] 15:51:21 : -Dio.netty.noPreferDirect: false
[DEBUG] 15:51:21 : -Dio.netty.noKeySetOptimization: false
[DEBUG] 15:51:21 : -Dio.netty.selectorAutoRebuildThreshold: 512
[DEBUG] 15:52:18 : Using Log4J as the default logging framework
[DEBUG] 15:52:18 : -Dio.netty.eventLoopThreads: 16
[DEBUG] 15:52:19 : java.nio.Buffer.address: available
[DEBUG] 15:52:19 : sun.misc.Unsafe.theUnsafe: available
[DEBUG] 15:52:19 : sun.misc.Unsafe.copyMemory: available
[DEBUG] 15:52:19 : java.nio.Bits.unaligned: true
[DEBUG] 15:52:19 : Platform: Windows
[DEBUG] 15:52:19 : Java version: 8
[DEBUG] 15:52:19 : -Dio.netty.noUnsafe: false
[DEBUG] 15:52:19 : sun.misc.Unsafe: available
[DEBUG] 15:52:19 : -Dio.netty.noJavassist: false
[DEBUG] 15:52:19 : Javassist: unavailable
[DEBUG] 15:52:19 : You don't have Javassist in your class path or you don't have enough permission to load dynamically generated classes.  Please check the configuration for better performance.
[DEBUG] 15:52:19 : -Dio.netty.tmpdir: C:\Users\18910\AppData\Local\Temp (java.io.tmpdir)
[DEBUG] 15:52:19 : -Dio.netty.bitMode: 64 (sun.arch.data.model)
[DEBUG] 15:52:19 : -Dio.netty.noPreferDirect: false
[DEBUG] 15:52:19 : -Dio.netty.noKeySetOptimization: false
[DEBUG] 15:52:19 : -Dio.netty.selectorAutoRebuildThreshold: 512
[DEBUG] 20:13:43 : Using Log4J as the default logging framework
[DEBUG] 20:13:43 : -Dio.netty.eventLoopThreads: 16
[DEBUG] 20:13:43 : java.nio.Buffer.address: available
[DEBUG] 20:13:43 : sun.misc.Unsafe.theUnsafe: available
[DEBUG] 20:13:43 : sun.misc.Unsafe.copyMemory: available
[DEBUG] 20:13:43 : java.nio.Bits.unaligned: true
[DEBUG] 20:13:43 : Platform: Windows
[DEBUG] 20:13:43 : Java version: 8
[DEBUG] 20:13:43 : -Dio.netty.noUnsafe: false
[DEBUG] 20:13:43 : sun.misc.Unsafe: available
[DEBUG] 20:13:43 : -Dio.netty.noJavassist: false
[DEBUG] 20:13:43 : Javassist: unavailable
[DEBUG] 20:13:43 : You don't have Javassist in your class path or you don't have enough permission to load dynamically generated classes.  Please check the configuration for better performance.
[DEBUG] 20:13:43 : -Dio.netty.tmpdir: C:\Users\18910\AppData\Local\Temp (java.io.tmpdir)
[DEBUG] 20:13:43 : -Dio.netty.bitMode: 64 (sun.arch.data.model)
[DEBUG] 20:13:43 : -Dio.netty.noPreferDirect: false
[DEBUG] 20:13:43 : -Dio.netty.noKeySetOptimization: false
[DEBUG] 20:13:43 : -Dio.netty.selectorAutoRebuildThreshold: 512
[DEBUG] 20:13:43 : -Dio.netty.processId: 17284 (auto-detected)
[DEBUG] 20:13:43 : -Dio.netty.machineId: 18:31:bf:ff:fe:b9:d9:2d (auto-detected)
[DEBUG] 20:13:43 : -Dio.netty.initialSeedUniquifier: 0x50501ed55bf50f94 (took 23 ms)
[DEBUG] 20:13:43 : -Dio.netty.allocator.numHeapArenas: 8
[DEBUG] 20:13:43 : -Dio.netty.allocator.numDirectArenas: 8
[DEBUG] 20:13:43 : -Dio.netty.allocator.pageSize: 8192
[DEBUG] 20:13:43 : -Dio.netty.allocator.maxOrder: 11
[DEBUG] 20:13:43 : -Dio.netty.allocator.chunkSize: 16777216
[DEBUG] 20:13:43 : -Dio.netty.allocator.tinyCacheSize: 512
[DEBUG] 20:13:43 : -Dio.netty.allocator.smallCacheSize: 256
[DEBUG] 20:13:43 : -Dio.netty.allocator.normalCacheSize: 64
[DEBUG] 20:13:43 : -Dio.netty.allocator.maxCachedBufferCapacity: 32768
[DEBUG] 20:13:43 : -Dio.netty.allocator.cacheTrimInterval: 8192
[DEBUG] 20:13:43 : -Dio.netty.allocator.type: pooled
[DEBUG] 20:13:43 : -Dio.netty.threadLocalDirectBufferSize: 65536
[DEBUG] 20:13:43 : Loopback interface: lo (Software Loopback Interface 1, 127.0.0.1)
[DEBUG] 20:13:43 : \proc\sys\net\core\somaxconn: 200 (non-existent)
[DEBUG] 20:13:44 : -Dio.netty.recycler.maxCapacity: 262144
[DEBUG] 20:13:44 : -Dio.netty.leakDetectionLevel: simple
[DEBUG] 20:40:41 : Using Log4J as the default logging framework
[DEBUG] 20:40:41 : -Dio.netty.eventLoopThreads: 16
[DEBUG] 20:40:41 : java.nio.Buffer.address: available
[DEBUG] 20:40:41 : sun.misc.Unsafe.theUnsafe: available
[DEBUG] 20:40:41 : sun.misc.Unsafe.copyMemory: available
[DEBUG] 20:40:41 : java.nio.Bits.unaligned: true
[DEBUG] 20:40:41 : Platform: Windows
[DEBUG] 20:40:41 : Java version: 8
[DEBUG] 20:40:41 : -Dio.netty.noUnsafe: false
[DEBUG] 20:40:41 : sun.misc.Unsafe: available
[DEBUG] 20:40:41 : -Dio.netty.noJavassist: false
[DEBUG] 20:40:41 : Javassist: unavailable
[DEBUG] 20:40:41 : You don't have Javassist in your class path or you don't have enough permission to load dynamically generated classes.  Please check the configuration for better performance.
[DEBUG] 20:40:41 : -Dio.netty.tmpdir: C:\Users\18910\AppData\Local\Temp (java.io.tmpdir)
[DEBUG] 20:40:41 : -Dio.netty.bitMode: 64 (sun.arch.data.model)
[DEBUG] 20:40:41 : -Dio.netty.noPreferDirect: false
[DEBUG] 20:40:41 : -Dio.netty.noKeySetOptimization: false
[DEBUG] 20:40:41 : -Dio.netty.selectorAutoRebuildThreshold: 512
[DEBUG] 20:40:42 : -Dio.netty.processId: 16792 (auto-detected)
[DEBUG] 20:40:42 : -Dio.netty.machineId: 18:31:bf:ff:fe:b9:d9:2d (auto-detected)
[DEBUG] 20:40:42 : -Dio.netty.initialSeedUniquifier: 0xda826d9389396f66 (took 13 ms)
[DEBUG] 20:40:42 : -Dio.netty.allocator.numHeapArenas: 8
[DEBUG] 20:40:42 : -Dio.netty.allocator.numDirectArenas: 8
[DEBUG] 20:40:42 : -Dio.netty.allocator.pageSize: 8192
[DEBUG] 20:40:42 : -Dio.netty.allocator.maxOrder: 11
[DEBUG] 20:40:42 : -Dio.netty.allocator.chunkSize: 16777216
[DEBUG] 20:40:42 : -Dio.netty.allocator.tinyCacheSize: 512
[DEBUG] 20:40:42 : -Dio.netty.allocator.smallCacheSize: 256
[DEBUG] 20:40:42 : -Dio.netty.allocator.normalCacheSize: 64
[DEBUG] 20:40:42 : -Dio.netty.allocator.maxCachedBufferCapacity: 32768
[DEBUG] 20:40:42 : -Dio.netty.allocator.cacheTrimInterval: 8192
[DEBUG] 20:40:42 : -Dio.netty.allocator.type: pooled
[DEBUG] 20:40:42 : -Dio.netty.threadLocalDirectBufferSize: 65536
[DEBUG] 20:40:42 : Loopback interface: lo (Software Loopback Interface 1, 127.0.0.1)
[DEBUG] 20:40:42 : \proc\sys\net\core\somaxconn: 200 (non-existent)
[INFO] 20:40:42 : TestServerClient.addServer connected:[id: 0x4264f456, /127.0.0.1:1971 => /127.0.0.1:8081]
[DEBUG] 20:40:45 : -Dio.netty.recycler.maxCapacity: 262144
[DEBUG] 20:40:45 : -Dio.netty.leakDetectionLevel: simple
[DEBUG] 20:47:44 : Using Log4J as the default logging framework
[DEBUG] 20:47:44 : -Dio.netty.eventLoopThreads: 16
[DEBUG] 20:47:44 : java.nio.Buffer.address: available
[DEBUG] 20:47:44 : sun.misc.Unsafe.theUnsafe: available
[DEBUG] 20:47:44 : sun.misc.Unsafe.copyMemory: available
[DEBUG] 20:47:44 : java.nio.Bits.unaligned: true
[DEBUG] 20:47:44 : Platform: Windows
[DEBUG] 20:47:44 : Java version: 8
[DEBUG] 20:47:44 : -Dio.netty.noUnsafe: false
[DEBUG] 20:47:44 : sun.misc.Unsafe: available
[DEBUG] 20:47:44 : -Dio.netty.noJavassist: false
[DEBUG] 20:47:44 : Javassist: unavailable
[DEBUG] 20:47:44 : You don't have Javassist in your class path or you don't have enough permission to load dynamically generated classes.  Please check the configuration for better performance.
[DEBUG] 20:47:44 : -Dio.netty.tmpdir: C:\Users\18910\AppData\Local\Temp (java.io.tmpdir)
[DEBUG] 20:47:44 : -Dio.netty.bitMode: 64 (sun.arch.data.model)
[DEBUG] 20:47:44 : -Dio.netty.noPreferDirect: false
[DEBUG] 20:47:44 : -Dio.netty.noKeySetOptimization: false
[DEBUG] 20:47:44 : -Dio.netty.selectorAutoRebuildThreshold: 512
[DEBUG] 20:47:45 : -Dio.netty.processId: 18428 (auto-detected)
[DEBUG] 20:47:45 : -Dio.netty.machineId: 18:31:bf:ff:fe:b9:d9:2d (auto-detected)
[DEBUG] 20:47:45 : -Dio.netty.initialSeedUniquifier: 0x46e953b2685a5de0 (took 22 ms)
[DEBUG] 20:47:45 : -Dio.netty.allocator.numHeapArenas: 8
[DEBUG] 20:47:45 : -Dio.netty.allocator.numDirectArenas: 8
[DEBUG] 20:47:45 : -Dio.netty.allocator.pageSize: 8192
[DEBUG] 20:47:45 : -Dio.netty.allocator.maxOrder: 11
[DEBUG] 20:47:45 : -Dio.netty.allocator.chunkSize: 16777216
[DEBUG] 20:47:45 : -Dio.netty.allocator.tinyCacheSize: 512
[DEBUG] 20:47:45 : -Dio.netty.allocator.smallCacheSize: 256
[DEBUG] 20:47:45 : -Dio.netty.allocator.normalCacheSize: 64
[DEBUG] 20:47:45 : -Dio.netty.allocator.maxCachedBufferCapacity: 32768
[DEBUG] 20:47:45 : -Dio.netty.allocator.cacheTrimInterval: 8192
[DEBUG] 20:47:45 : -Dio.netty.allocator.type: pooled
[DEBUG] 20:47:45 : -Dio.netty.threadLocalDirectBufferSize: 65536
[DEBUG] 20:47:45 : Loopback interface: lo (Software Loopback Interface 1, 127.0.0.1)
[DEBUG] 20:47:45 : \proc\sys\net\core\somaxconn: 200 (non-existent)
[INFO] 20:47:45 : TestServer.run() TestServer /127.0.0.1:8084 started!
[INFO] 20:47:45 : TestServer.run() TestServer /127.0.0.1:8080 started!
[INFO] 20:47:45 : TestServer.run() TestServer /127.0.0.1:8081 started!
[INFO] 20:47:45 : TestServer.run() TestServer /127.0.0.1:8082 started!
[INFO] 20:47:45 : TestServer.run() TestServer /127.0.0.1:8083 started!
[DEBUG] 20:49:37 : Using Log4J as the default logging framework
[DEBUG] 20:49:37 : -Dio.netty.eventLoopThreads: 16
[DEBUG] 20:49:37 : java.nio.Buffer.address: available
[DEBUG] 20:49:37 : sun.misc.Unsafe.theUnsafe: available
[DEBUG] 20:49:37 : sun.misc.Unsafe.copyMemory: available
[DEBUG] 20:49:37 : java.nio.Bits.unaligned: true
[DEBUG] 20:49:37 : Platform: Windows
[DEBUG] 20:49:37 : Java version: 8
[DEBUG] 20:49:37 : -Dio.netty.noUnsafe: false
[DEBUG] 20:49:37 : sun.misc.Unsafe: available
[DEBUG] 20:49:37 : -Dio.netty.noJavassist: false
[DEBUG] 20:49:37 : Javassist: unavailable
[DEBUG] 20:49:37 : You don't have Javassist in your class path or you don't have enough permission to load dynamically generated classes.  Please check the configuration for better performance.
[DEBUG] 20:49:37 : -Dio.netty.tmpdir: C:\Users\18910\AppData\Local\Temp (java.io.tmpdir)
[DEBUG] 20:49:37 : -Dio.netty.bitMode: 64 (sun.arch.data.model)
[DEBUG] 20:49:37 : -Dio.netty.noPreferDirect: false
[DEBUG] 20:49:37 : -Dio.netty.noKeySetOptimization: false
[DEBUG] 20:49:37 : -Dio.netty.selectorAutoRebuildThreshold: 512
[DEBUG] 20:49:37 : -Dio.netty.processId: 1188 (auto-detected)
[DEBUG] 20:49:37 : -Dio.netty.machineId: 18:31:bf:ff:fe:b9:d9:2d (auto-detected)
[DEBUG] 20:49:37 : -Dio.netty.initialSeedUniquifier: 0x7f16af617d7705b8 (took 22 ms)
[DEBUG] 20:49:37 : -Dio.netty.allocator.numHeapArenas: 8
[DEBUG] 20:49:37 : -Dio.netty.allocator.numDirectArenas: 8
[DEBUG] 20:49:37 : -Dio.netty.allocator.pageSize: 8192
[DEBUG] 20:49:37 : -Dio.netty.allocator.maxOrder: 11
[DEBUG] 20:49:37 : -Dio.netty.allocator.chunkSize: 16777216
[DEBUG] 20:49:37 : -Dio.netty.allocator.tinyCacheSize: 512
[DEBUG] 20:49:37 : -Dio.netty.allocator.smallCacheSize: 256
[DEBUG] 20:49:37 : -Dio.netty.allocator.normalCacheSize: 64
[DEBUG] 20:49:37 : -Dio.netty.allocator.maxCachedBufferCapacity: 32768
[DEBUG] 20:49:37 : -Dio.netty.allocator.cacheTrimInterval: 8192
[DEBUG] 20:49:37 : -Dio.netty.allocator.type: pooled
[DEBUG] 20:49:37 : -Dio.netty.threadLocalDirectBufferSize: 65536
[DEBUG] 20:49:38 : Loopback interface: lo (Software Loopback Interface 1, 127.0.0.1)
[DEBUG] 20:49:38 : \proc\sys\net\core\somaxconn: 200 (non-existent)
[INFO] 20:49:38 : TestServer.run() TestServer /127.0.0.1:8080 started!
[INFO] 20:49:38 : TestServer.run() TestServer /127.0.0.1:8081 started!
[INFO] 20:49:38 : TestServer.run() TestServer /127.0.0.1:8082 started!
[INFO] 20:49:38 : TestServer.run() TestServer /127.0.0.1:8083 started!
[INFO] 20:49:38 : TestServer.run() TestServer /127.0.0.1:8084 started!
[DEBUG] 20:50:19 : Using Log4J as the default logging framework
[DEBUG] 20:50:19 : -Dio.netty.eventLoopThreads: 16
[DEBUG] 20:50:19 : java.nio.Buffer.address: available
[DEBUG] 20:50:19 : sun.misc.Unsafe.theUnsafe: available
[DEBUG] 20:50:19 : sun.misc.Unsafe.copyMemory: available
[DEBUG] 20:50:19 : java.nio.Bits.unaligned: true
[DEBUG] 20:50:19 : Platform: Windows
[DEBUG] 20:50:19 : Java version: 8
[DEBUG] 20:50:19 : -Dio.netty.noUnsafe: false
[DEBUG] 20:50:19 : sun.misc.Unsafe: available
[DEBUG] 20:50:19 : -Dio.netty.noJavassist: false
[DEBUG] 20:50:19 : Javassist: unavailable
[DEBUG] 20:50:19 : You don't have Javassist in your class path or you don't have enough permission to load dynamically generated classes.  Please check the configuration for better performance.
[DEBUG] 20:50:19 : -Dio.netty.tmpdir: C:\Users\18910\AppData\Local\Temp (java.io.tmpdir)
[DEBUG] 20:50:19 : -Dio.netty.bitMode: 64 (sun.arch.data.model)
[DEBUG] 20:50:19 : -Dio.netty.noPreferDirect: false
[DEBUG] 20:50:19 : -Dio.netty.noKeySetOptimization: false
[DEBUG] 20:50:19 : -Dio.netty.selectorAutoRebuildThreshold: 512
[DEBUG] 20:50:20 : -Dio.netty.processId: 17448 (auto-detected)
[DEBUG] 20:50:20 : -Dio.netty.machineId: 18:31:bf:ff:fe:b9:d9:2d (auto-detected)
[DEBUG] 20:50:20 : -Dio.netty.initialSeedUniquifier: 0x505f91cf6a4521ca (took 23 ms)
[DEBUG] 20:50:20 : -Dio.netty.allocator.numHeapArenas: 8
[DEBUG] 20:50:20 : -Dio.netty.allocator.numDirectArenas: 8
[DEBUG] 20:50:20 : -Dio.netty.allocator.pageSize: 8192
[DEBUG] 20:50:20 : -Dio.netty.allocator.maxOrder: 11
[DEBUG] 20:50:20 : -Dio.netty.allocator.chunkSize: 16777216
[DEBUG] 20:50:20 : -Dio.netty.allocator.tinyCacheSize: 512
[DEBUG] 20:50:20 : -Dio.netty.allocator.smallCacheSize: 256
[DEBUG] 20:50:20 : -Dio.netty.allocator.normalCacheSize: 64
[DEBUG] 20:50:20 : -Dio.netty.allocator.maxCachedBufferCapacity: 32768
[DEBUG] 20:50:20 : -Dio.netty.allocator.cacheTrimInterval: 8192
[DEBUG] 20:50:20 : -Dio.netty.allocator.type: pooled
[DEBUG] 20:50:20 : -Dio.netty.threadLocalDirectBufferSize: 65536
[DEBUG] 20:50:20 : Loopback interface: lo (Software Loopback Interface 1, 127.0.0.1)
[DEBUG] 20:50:20 : \proc\sys\net\core\somaxconn: 200 (non-existent)
[INFO] 20:50:20 : TestServer.run() TestServer /127.0.0.1:8080 started!
[INFO] 20:50:20 : TestServer.run() TestServer /127.0.0.1:8081 started!
[INFO] 20:50:20 : TestServer.run() TestServer /127.0.0.1:8082 started!
[INFO] 20:50:20 : TestServer.run() TestServer /127.0.0.1:8083 started!
[INFO] 20:50:20 : TestServer.run() TestServer /127.0.0.1:8084 started!
[INFO] 20:50:20 : TestServerClient.addServer connected:[id: 0x03ed9dfc, /127.0.0.1:3650 => /127.0.0.1:8081]
[DEBUG] 20:50:23 : -Dio.netty.recycler.maxCapacity: 262144
[DEBUG] 20:50:23 : -Dio.netty.leakDetectionLevel: simple
[DEBUG] 20:51:42 : Using Log4J as the default logging framework
[DEBUG] 20:51:42 : -Dio.netty.eventLoopThreads: 16
[DEBUG] 20:51:42 : java.nio.Buffer.address: available
[DEBUG] 20:51:42 : sun.misc.Unsafe.theUnsafe: available
[DEBUG] 20:51:42 : sun.misc.Unsafe.copyMemory: available
[DEBUG] 20:51:42 : java.nio.Bits.unaligned: true
[DEBUG] 20:51:42 : Platform: Windows
[DEBUG] 20:51:42 : Java version: 8
[DEBUG] 20:51:42 : -Dio.netty.noUnsafe: false
[DEBUG] 20:51:42 : sun.misc.Unsafe: available
[DEBUG] 20:51:42 : -Dio.netty.noJavassist: false
[DEBUG] 20:51:42 : Javassist: unavailable
[DEBUG] 20:51:42 : You don't have Javassist in your class path or you don't have enough permission to load dynamically generated classes.  Please check the configuration for better performance.
[DEBUG] 20:51:42 : -Dio.netty.tmpdir: C:\Users\18910\AppData\Local\Temp (java.io.tmpdir)
[DEBUG] 20:51:42 : -Dio.netty.bitMode: 64 (sun.arch.data.model)
[DEBUG] 20:51:42 : -Dio.netty.noPreferDirect: false
[DEBUG] 20:51:42 : -Dio.netty.noKeySetOptimization: false
[DEBUG] 20:51:42 : -Dio.netty.selectorAutoRebuildThreshold: 512
[DEBUG] 20:51:42 : -Dio.netty.processId: 20892 (auto-detected)
[DEBUG] 20:51:42 : -Dio.netty.machineId: 18:31:bf:ff:fe:b9:d9:2d (auto-detected)
[DEBUG] 20:51:42 : -Dio.netty.initialSeedUniquifier: 0x5bff2d49a9c0a57b (took 20 ms)
[DEBUG] 20:51:42 : -Dio.netty.allocator.numHeapArenas: 8
[DEBUG] 20:51:42 : -Dio.netty.allocator.numDirectArenas: 8
[DEBUG] 20:51:42 : -Dio.netty.allocator.pageSize: 8192
[DEBUG] 20:51:42 : -Dio.netty.allocator.maxOrder: 11
[DEBUG] 20:51:42 : -Dio.netty.allocator.chunkSize: 16777216
[DEBUG] 20:51:42 : -Dio.netty.allocator.tinyCacheSize: 512
[DEBUG] 20:51:42 : -Dio.netty.allocator.smallCacheSize: 256
[DEBUG] 20:51:42 : -Dio.netty.allocator.normalCacheSize: 64
[DEBUG] 20:51:42 : -Dio.netty.allocator.maxCachedBufferCapacity: 32768
[DEBUG] 20:51:42 : -Dio.netty.allocator.cacheTrimInterval: 8192
[DEBUG] 20:51:42 : -Dio.netty.allocator.type: pooled
[DEBUG] 20:51:42 : -Dio.netty.threadLocalDirectBufferSize: 65536
[DEBUG] 20:51:43 : Loopback interface: lo (Software Loopback Interface 1, 127.0.0.1)
[DEBUG] 20:51:43 : \proc\sys\net\core\somaxconn: 200 (non-existent)
[INFO] 20:51:43 : TestServer.run() TestServer /127.0.0.1:8080 started!
[INFO] 20:51:43 : TestServer.run() TestServer /127.0.0.1:8081 started!
[INFO] 20:51:43 : TestServer.run() TestServer /127.0.0.1:8082 started!
[INFO] 20:51:43 : TestServer.run() TestServer /127.0.0.1:8083 started!
[INFO] 20:51:43 : TestServer.run() TestServer /127.0.0.1:8084 started!
[INFO] 20:51:43 : TestServerClient.addServer connected:[id: 0x463d28da, /127.0.0.1:4171 => /127.0.0.1:8081]
[DEBUG] 20:51:46 : -Dio.netty.recycler.maxCapacity: 262144
[DEBUG] 20:51:46 : -Dio.netty.leakDetectionLevel: simple
[INFO] 20:51:46 : TestServerHandler.channelRead() receive msgID: 1
length: 233
name: "Hello"

[INFO] 20:51:49 : TestServerHandler.channelRead() receive msgID: 1
length: 233
name: "Hello"

[INFO] 20:51:52 : TestServerHandler.channelRead() receive msgID: 1
length: 233
name: "Hello"

[INFO] 20:51:55 : TestServerHandler.channelRead() receive msgID: 1
length: 233
name: "Hello"

[INFO] 20:51:58 : TestServerHandler.channelRead() receive msgID: 1
length: 233
name: "Hello"

[INFO] 20:52:01 : TestServerHandler.channelRead() receive msgID: 1
length: 233
name: "Hello"

[INFO] 20:52:04 : TestServerHandler.channelRead() receive msgID: 1
length: 233
name: "Hello"

[INFO] 20:52:07 : TestServerHandler.channelRead() receive msgID: 1
length: 233
name: "Hello"

[INFO] 20:52:10 : TestServerHandler.channelRead() receive msgID: 1
length: 233
name: "Hello"

[DEBUG] 21:27:37 : Using Log4J as the default logging framework
[DEBUG] 21:27:37 : -Dio.netty.eventLoopThreads: 16
[DEBUG] 21:27:37 : java.nio.Buffer.address: available
[DEBUG] 21:27:37 : sun.misc.Unsafe.theUnsafe: available
[DEBUG] 21:27:37 : sun.misc.Unsafe.copyMemory: available
[DEBUG] 21:27:37 : java.nio.Bits.unaligned: true
[DEBUG] 21:27:37 : Platform: Windows
[DEBUG] 21:27:37 : Java version: 8
[DEBUG] 21:27:37 : -Dio.netty.noUnsafe: false
[DEBUG] 21:27:37 : sun.misc.Unsafe: available
[DEBUG] 21:27:37 : -Dio.netty.noJavassist: false
[DEBUG] 21:27:37 : Javassist: unavailable
[DEBUG] 21:27:37 : You don't have Javassist in your class path or you don't have enough permission to load dynamically generated classes.  Please check the configuration for better performance.
[DEBUG] 21:27:37 : -Dio.netty.tmpdir: C:\Users\18910\AppData\Local\Temp (java.io.tmpdir)
[DEBUG] 21:27:37 : -Dio.netty.bitMode: 64 (sun.arch.data.model)
[DEBUG] 21:27:37 : -Dio.netty.noPreferDirect: false
[DEBUG] 21:27:37 : -Dio.netty.noKeySetOptimization: false
[DEBUG] 21:27:37 : -Dio.netty.selectorAutoRebuildThreshold: 512
[DEBUG] 21:27:37 : -Dio.netty.processId: 15992 (auto-detected)
[DEBUG] 21:27:37 : -Dio.netty.machineId: 18:31:bf:ff:fe:b9:d9:2d (auto-detected)
[DEBUG] 21:27:37 : -Dio.netty.initialSeedUniquifier: 0x56da0e510eca86da (took 23 ms)
[DEBUG] 21:27:37 : -Dio.netty.allocator.numHeapArenas: 8
[DEBUG] 21:27:37 : -Dio.netty.allocator.numDirectArenas: 8
[DEBUG] 21:27:37 : -Dio.netty.allocator.pageSize: 8192
[DEBUG] 21:27:37 : -Dio.netty.allocator.maxOrder: 11
[DEBUG] 21:27:37 : -Dio.netty.allocator.chunkSize: 16777216
[DEBUG] 21:27:37 : -Dio.netty.allocator.tinyCacheSize: 512
[DEBUG] 21:27:37 : -Dio.netty.allocator.smallCacheSize: 256
[DEBUG] 21:27:37 : -Dio.netty.allocator.normalCacheSize: 64
[DEBUG] 21:27:37 : -Dio.netty.allocator.maxCachedBufferCapacity: 32768
[DEBUG] 21:27:37 : -Dio.netty.allocator.cacheTrimInterval: 8192
[DEBUG] 21:27:37 : -Dio.netty.allocator.type: pooled
[DEBUG] 21:27:37 : -Dio.netty.threadLocalDirectBufferSize: 65536
[DEBUG] 21:27:38 : Loopback interface: lo (Software Loopback Interface 1, 127.0.0.1)
[DEBUG] 21:27:38 : \proc\sys\net\core\somaxconn: 200 (non-existent)
[INFO] 21:27:38 : TestServer.run() TestServer /127.0.0.1:8080 started!
[INFO] 21:27:38 : TestServer.run() TestServer /127.0.0.1:8081 started!
[INFO] 21:27:38 : TestServer.run() TestServer /127.0.0.1:8082 started!
[INFO] 21:27:38 : TestServer.run() TestServer /127.0.0.1:8083 started!
[INFO] 21:27:38 : TestServer.run() TestServer /127.0.0.1:8084 started!
[INFO] 21:27:38 : TestServerHandler.channelRegistered() this channel is[id: 0xf2440652]
[INFO] 21:27:38 : TestServerClient.addServer connected:[id: 0xf2440652, /127.0.0.1:5739 => /127.0.0.1:8081]
[INFO] 21:27:38 : TestServerHandler.channelRegistered() this channel is[id: 0x2357caaa, /127.0.0.1:5739 => /127.0.0.1:8081]
[DEBUG] 21:27:41 : -Dio.netty.recycler.maxCapacity: 262144
[DEBUG] 21:27:41 : -Dio.netty.leakDetectionLevel: simple
[INFO] 21:27:41 : TestServerHandler.channelRead() receive msgID: 1
length: 233
name: "Hello"

[INFO] 21:27:44 : TestServerHandler.channelRead() receive msgID: 1
length: 233
name: "Hello"

[INFO] 21:27:47 : TestServerHandler.channelRead() receive msgID: 1
length: 233
name: "Hello"

[INFO] 21:27:50 : TestServerHandler.channelRead() receive msgID: 1
length: 233
name: "Hello"

[INFO] 21:27:53 : TestServerHandler.channelRead() receive msgID: 1
length: 233
name: "Hello"

[INFO] 21:27:56 : TestServerHandler.channelRead() receive msgID: 1
length: 233
name: "Hello"

[INFO] 21:27:59 : TestServerHandler.channelRead() receive msgID: 1
length: 233
name: "Hello"

[INFO] 21:28:02 : TestServerHandler.channelRead() receive msgID: 1
length: 233
name: "Hello"

[INFO] 21:28:05 : TestServerHandler.channelRead() receive msgID: 1
length: 233
name: "Hello"

[INFO] 21:28:08 : TestServerHandler.channelRead() receive msgID: 1
length: 233
name: "Hello"

[INFO] 21:28:11 : TestServerHandler.channelRead() receive msgID: 1
length: 233
name: "Hello"

[INFO] 21:28:14 : TestServerHandler.channelRead() receive msgID: 1
length: 233
name: "Hello"

[INFO] 21:28:17 : TestServerHandler.channelRead() receive msgID: 1
length: 233
name: "Hello"

[INFO] 21:28:20 : TestServerHandler.channelRead() receive msgID: 1
length: 233
name: "Hello"

[INFO] 21:28:23 : TestServerHandler.channelRead() receive msgID: 1
length: 233
name: "Hello"

[INFO] 21:28:26 : TestServerHandler.channelRead() receive msgID: 1
length: 233
name: "Hello"

[INFO] 21:28:29 : TestServerHandler.channelRead() receive msgID: 1
length: 233
name: "Hello"

[INFO] 21:28:32 : TestServerHandler.channelRead() receive msgID: 1
length: 233
name: "Hello"

[INFO] 21:28:35 : TestServerHandler.channelRead() receive msgID: 1
length: 233
name: "Hello"

[INFO] 21:28:38 : TestServerHandler.channelRead() receive msgID: 1
length: 233
name: "Hello"

[INFO] 21:28:41 : TestServerHandler.channelRead() receive msgID: 1
length: 233
name: "Hello"

[INFO] 21:28:44 : TestServerHandler.channelRead() receive msgID: 1
length: 233
name: "Hello"

[INFO] 21:28:47 : TestServerHandler.channelRead() receive msgID: 1
length: 233
name: "Hello"

[INFO] 21:28:50 : TestServerHandler.channelRead() receive msgID: 1
length: 233
name: "Hello"

[INFO] 21:28:53 : TestServerHandler.channelRead() receive msgID: 1
length: 233
name: "Hello"

[INFO] 21:28:56 : TestServerHandler.channelRead() receive msgID: 1
length: 233
name: "Hello"

[INFO] 21:28:59 : TestServerHandler.channelRead() receive msgID: 1
length: 233
name: "Hello"

[INFO] 21:29:02 : TestServerHandler.channelRead() receive msgID: 1
length: 233
name: "Hello"

[INFO] 21:29:05 : TestServerHandler.channelRead() receive msgID: 1
length: 233
name: "Hello"

[INFO] 21:29:08 : TestServerHandler.channelRead() receive msgID: 1
length: 233
name: "Hello"

[INFO] 21:29:11 : TestServerHandler.channelRead() receive msgID: 1
length: 233
name: "Hello"

[INFO] 21:29:14 : TestServerHandler.channelRead() receive msgID: 1
length: 233
name: "Hello"

[INFO] 21:29:17 : TestServerHandler.channelRead() receive msgID: 1
length: 233
name: "Hello"

[INFO] 21:29:20 : TestServerHandler.channelRead() receive msgID: 1
length: 233
name: "Hello"

[INFO] 21:29:23 : TestServerHandler.channelRead() receive msgID: 1
length: 233
name: "Hello"

[INFO] 21:29:26 : TestServerHandler.channelRead() receive msgID: 1
length: 233
name: "Hello"

[INFO] 21:29:29 : TestServerHandler.channelRead() receive msgID: 1
length: 233
name: "Hello"

[INFO] 21:29:32 : TestServerHandler.channelRead() receive msgID: 1
length: 233
name: "Hello"

[INFO] 21:29:35 : TestServerHandler.channelRead() receive msgID: 1
length: 233
name: "Hello"

[INFO] 21:29:38 : TestServerHandler.channelRead() receive msgID: 1
length: 233
name: "Hello"

[INFO] 21:29:41 : TestServerHandler.channelRead() receive msgID: 1
length: 233
name: "Hello"

[INFO] 21:29:44 : TestServerHandler.channelRead() receive msgID: 1
length: 233
name: "Hello"

[INFO] 21:29:47 : TestServerHandler.channelRead() receive msgID: 1
length: 233
name: "Hello"

[INFO] 21:29:50 : TestServerHandler.channelRead() receive msgID: 1
length: 233
name: "Hello"

[INFO] 21:29:53 : TestServerHandler.channelRead() receive msgID: 1
length: 233
name: "Hello"

[INFO] 21:29:56 : TestServerHandler.channelRead() receive msgID: 1
length: 233
name: "Hello"

[INFO] 21:29:59 : TestServerHandler.channelRead() receive msgID: 1
length: 233
name: "Hello"

[INFO] 21:30:02 : TestServerHandler.channelRead() receive msgID: 1
length: 233
name: "Hello"

[INFO] 21:30:05 : TestServerHandler.channelRead() receive msgID: 1
length: 233
name: "Hello"

[INFO] 21:30:08 : TestServerHandler.channelRead() receive msgID: 1
length: 233
name: "Hello"

[INFO] 21:30:11 : TestServerHandler.channelRead() receive msgID: 1
length: 233
name: "Hello"

[INFO] 21:30:14 : TestServerHandler.channelRead() receive msgID: 1
length: 233
name: "Hello"

[INFO] 21:30:17 : TestServerHandler.channelRead() receive msgID: 1
length: 233
name: "Hello"

[INFO] 21:30:20 : TestServerHandler.channelRead() receive msgID: 1
length: 233
name: "Hello"

[INFO] 21:30:23 : TestServerHandler.channelRead() receive msgID: 1
length: 233
name: "Hello"

[INFO] 21:30:26 : TestServerHandler.channelRead() receive msgID: 1
length: 233
name: "Hello"

[INFO] 21:30:29 : TestServerHandler.channelRead() receive msgID: 1
length: 233
name: "Hello"

[INFO] 21:30:32 : TestServerHandler.channelRead() receive msgID: 1
length: 233
name: "Hello"

[INFO] 21:30:35 : TestServerHandler.channelRead() receive msgID: 1
length: 233
name: "Hello"

[INFO] 21:30:38 : TestServerHandler.channelRead() receive msgID: 1
length: 233
name: "Hello"

[INFO] 21:30:41 : TestServerHandler.channelRead() receive msgID: 1
length: 233
name: "Hello"

[INFO] 21:30:44 : TestServerHandler.channelRead() receive msgID: 1
length: 233
name: "Hello"

[INFO] 21:30:47 : TestServerHandler.channelRead() receive msgID: 1
length: 233
name: "Hello"

[INFO] 21:30:50 : TestServerHandler.channelRead() receive msgID: 1
length: 233
name: "Hello"

[INFO] 21:30:53 : TestServerHandler.channelRead() receive msgID: 1
length: 233
name: "Hello"

[INFO] 21:30:56 : TestServerHandler.channelRead() receive msgID: 1
length: 233
name: "Hello"

[INFO] 21:30:59 : TestServerHandler.channelRead() receive msgID: 1
length: 233
name: "Hello"

[INFO] 21:31:02 : TestServerHandler.channelRead() receive msgID: 1
length: 233
name: "Hello"

[INFO] 21:31:05 : TestServerHandler.channelRead() receive msgID: 1
length: 233
name: "Hello"

[INFO] 21:31:08 : TestServerHandler.channelRead() receive msgID: 1
length: 233
name: "Hello"

[INFO] 21:31:11 : TestServerHandler.channelRead() receive msgID: 1
length: 233
name: "Hello"

[INFO] 21:31:14 : TestServerHandler.channelRead() receive msgID: 1
length: 233
name: "Hello"

[INFO] 21:31:17 : TestServerHandler.channelRead() receive msgID: 1
length: 233
name: "Hello"

[INFO] 21:31:20 : TestServerHandler.channelRead() receive msgID: 1
length: 233
name: "Hello"

[INFO] 21:31:23 : TestServerHandler.channelRead() receive msgID: 1
length: 233
name: "Hello"

[INFO] 21:31:26 : TestServerHandler.channelRead() receive msgID: 1
length: 233
name: "Hello"

[INFO] 21:31:29 : TestServerHandler.channelRead() receive msgID: 1
length: 233
name: "Hello"

[INFO] 21:31:32 : TestServerHandler.channelRead() receive msgID: 1
length: 233
name: "Hello"

[INFO] 21:31:35 : TestServerHandler.channelRead() receive msgID: 1
length: 233
name: "Hello"

[INFO] 21:31:38 : TestServerHandler.channelRead() receive msgID: 1
length: 233
name: "Hello"

[INFO] 21:31:41 : TestServerHandler.channelRead() receive msgID: 1
length: 233
name: "Hello"

[INFO] 21:31:44 : TestServerHandler.channelRead() receive msgID: 1
length: 233
name: "Hello"

[INFO] 21:31:47 : TestServerHandler.channelRead() receive msgID: 1
length: 233
name: "Hello"

[INFO] 21:31:50 : TestServerHandler.channelRead() receive msgID: 1
length: 233
name: "Hello"

[INFO] 21:31:53 : TestServerHandler.channelRead() receive msgID: 1
length: 233
name: "Hello"

[INFO] 21:31:56 : TestServerHandler.channelRead() receive msgID: 1
length: 233
name: "Hello"

[INFO] 21:31:59 : TestServerHandler.channelRead() receive msgID: 1
length: 233
name: "Hello"

[INFO] 21:32:02 : TestServerHandler.channelRead() receive msgID: 1
length: 233
name: "Hello"

[INFO] 21:32:05 : TestServerHandler.channelRead() receive msgID: 1
length: 233
name: "Hello"

[INFO] 21:32:08 : TestServerHandler.channelRead() receive msgID: 1
length: 233
name: "Hello"

[INFO] 21:32:11 : TestServerHandler.channelRead() receive msgID: 1
length: 233
name: "Hello"

[INFO] 21:32:14 : TestServerHandler.channelRead() receive msgID: 1
length: 233
name: "Hello"

[INFO] 21:32:17 : TestServerHandler.channelRead() receive msgID: 1
length: 233
name: "Hello"

[INFO] 21:32:20 : TestServerHandler.channelRead() receive msgID: 1
length: 233
name: "Hello"

[INFO] 21:32:23 : TestServerHandler.channelRead() receive msgID: 1
length: 233
name: "Hello"

[INFO] 21:32:26 : TestServerHandler.channelRead() receive msgID: 1
length: 233
name: "Hello"

[INFO] 21:32:29 : TestServerHandler.channelRead() receive msgID: 1
length: 233
name: "Hello"

[INFO] 21:32:32 : TestServerHandler.channelRead() receive msgID: 1
length: 233
name: "Hello"

[INFO] 21:32:35 : TestServerHandler.channelRead() receive msgID: 1
length: 233
name: "Hello"

[INFO] 21:32:38 : TestServerHandler.channelRead() receive msgID: 1
length: 233
name: "Hello"

[INFO] 21:32:41 : TestServerHandler.channelRead() receive msgID: 1
length: 233
name: "Hello"

[INFO] 21:32:44 : TestServerHandler.channelRead() receive msgID: 1
length: 233
name: "Hello"

[INFO] 21:32:47 : TestServerHandler.channelRead() receive msgID: 1
length: 233
name: "Hello"

[INFO] 21:32:50 : TestServerHandler.channelRead() receive msgID: 1
length: 233
name: "Hello"

[INFO] 21:32:53 : TestServerHandler.channelRead() receive msgID: 1
length: 233
name: "Hello"

[INFO] 21:32:56 : TestServerHandler.channelRead() receive msgID: 1
length: 233
name: "Hello"

[INFO] 21:32:59 : TestServerHandler.channelRead() receive msgID: 1
length: 233
name: "Hello"

[INFO] 21:33:02 : TestServerHandler.channelRead() receive msgID: 1
length: 233
name: "Hello"

[INFO] 21:33:05 : TestServerHandler.channelRead() receive msgID: 1
length: 233
name: "Hello"

[INFO] 21:33:08 : TestServerHandler.channelRead() receive msgID: 1
length: 233
name: "Hello"

[INFO] 21:33:11 : TestServerHandler.channelRead() receive msgID: 1
length: 233
name: "Hello"

[INFO] 21:33:14 : TestServerHandler.channelRead() receive msgID: 1
length: 233
name: "Hello"

[INFO] 21:33:17 : TestServerHandler.channelRead() receive msgID: 1
length: 233
name: "Hello"

[INFO] 21:33:20 : TestServerHandler.channelRead() receive msgID: 1
length: 233
name: "Hello"

[INFO] 21:33:23 : TestServerHandler.channelRead() receive msgID: 1
length: 233
name: "Hello"

[INFO] 21:33:26 : TestServerHandler.channelRead() receive msgID: 1
length: 233
name: "Hello"

[INFO] 21:33:29 : TestServerHandler.channelRead() receive msgID: 1
length: 233
name: "Hello"

[INFO] 21:33:32 : TestServerHandler.channelRead() receive msgID: 1
length: 233
name: "Hello"

[INFO] 21:33:35 : TestServerHandler.channelRead() receive msgID: 1
length: 233
name: "Hello"

[INFO] 21:33:38 : TestServerHandler.channelRead() receive msgID: 1
length: 233
name: "Hello"

[INFO] 21:33:41 : TestServerHandler.channelRead() receive msgID: 1
length: 233
name: "Hello"

[INFO] 21:33:44 : TestServerHandler.channelRead() receive msgID: 1
length: 233
name: "Hello"

[INFO] 21:33:47 : TestServerHandler.channelRead() receive msgID: 1
length: 233
name: "Hello"

[INFO] 21:33:50 : TestServerHandler.channelRead() receive msgID: 1
length: 233
name: "Hello"

[INFO] 21:33:53 : TestServerHandler.channelRead() receive msgID: 1
length: 233
name: "Hello"

[INFO] 21:33:56 : TestServerHandler.channelRead() receive msgID: 1
length: 233
name: "Hello"

[INFO] 21:33:59 : TestServerHandler.channelRead() receive msgID: 1
length: 233
name: "Hello"

[INFO] 21:34:02 : TestServerHandler.channelRead() receive msgID: 1
length: 233
name: "Hello"

[INFO] 21:34:05 : TestServerHandler.channelRead() receive msgID: 1
length: 233
name: "Hello"

[INFO] 21:34:08 : TestServerHandler.channelRead() receive msgID: 1
length: 233
name: "Hello"

[INFO] 21:34:11 : TestServerHandler.channelRead() receive msgID: 1
length: 233
name: "Hello"

[INFO] 21:34:14 : TestServerHandler.channelRead() receive msgID: 1
length: 233
name: "Hello"

[INFO] 21:34:17 : TestServerHandler.channelRead() receive msgID: 1
length: 233
name: "Hello"

[INFO] 21:34:20 : TestServerHandler.channelRead() receive msgID: 1
length: 233
name: "Hello"

[INFO] 21:34:23 : TestServerHandler.channelRead() receive msgID: 1
length: 233
name: "Hello"

[INFO] 21:34:26 : TestServerHandler.channelRead() receive msgID: 1
length: 233
name: "Hello"

[INFO] 21:34:29 : TestServerHandler.channelRead() receive msgID: 1
length: 233
name: "Hello"

[INFO] 21:34:32 : TestServerHandler.channelRead() receive msgID: 1
length: 233
name: "Hello"

[INFO] 21:34:35 : TestServerHandler.channelRead() receive msgID: 1
length: 233
name: "Hello"

[INFO] 21:34:38 : TestServerHandler.channelRead() receive msgID: 1
length: 233
name: "Hello"

[INFO] 21:34:41 : TestServerHandler.channelRead() receive msgID: 1
length: 233
name: "Hello"

[INFO] 21:34:44 : TestServerHandler.channelRead() receive msgID: 1
length: 233
name: "Hello"

[INFO] 21:34:47 : TestServerHandler.channelRead() receive msgID: 1
length: 233
name: "Hello"

[INFO] 21:34:50 : TestServerHandler.channelRead() receive msgID: 1
length: 233
name: "Hello"

[INFO] 21:34:53 : TestServerHandler.channelRead() receive msgID: 1
length: 233
name: "Hello"

[INFO] 21:34:56 : TestServerHandler.channelRead() receive msgID: 1
length: 233
name: "Hello"

[INFO] 21:34:59 : TestServerHandler.channelRead() receive msgID: 1
length: 233
name: "Hello"

[INFO] 21:35:02 : TestServerHandler.channelRead() receive msgID: 1
length: 233
name: "Hello"

[INFO] 21:35:05 : TestServerHandler.channelRead() receive msgID: 1
length: 233
name: "Hello"

[INFO] 21:35:08 : TestServerHandler.channelRead() receive msgID: 1
length: 233
name: "Hello"

[INFO] 21:35:11 : TestServerHandler.channelRead() receive msgID: 1
length: 233
name: "Hello"

[INFO] 21:35:14 : TestServerHandler.channelRead() receive msgID: 1
length: 233
name: "Hello"

[INFO] 21:35:17 : TestServerHandler.channelRead() receive msgID: 1
length: 233
name: "Hello"

[INFO] 21:35:20 : TestServerHandler.channelRead() receive msgID: 1
length: 233
name: "Hello"

[INFO] 21:35:23 : TestServerHandler.channelRead() receive msgID: 1
length: 233
name: "Hello"

[INFO] 21:35:26 : TestServerHandler.channelRead() receive msgID: 1
length: 233
name: "Hello"

[INFO] 21:35:29 : TestServerHandler.channelRead() receive msgID: 1
length: 233
name: "Hello"

[INFO] 21:35:32 : TestServerHandler.channelRead() receive msgID: 1
length: 233
name: "Hello"

[INFO] 21:35:35 : TestServerHandler.channelRead() receive msgID: 1
length: 233
name: "Hello"

[INFO] 21:35:38 : TestServerHandler.channelRead() receive msgID: 1
length: 233
name: "Hello"

[INFO] 21:35:41 : TestServerHandler.channelRead() receive msgID: 1
length: 233
name: "Hello"

[INFO] 21:35:44 : TestServerHandler.channelRead() receive msgID: 1
length: 233
name: "Hello"

[INFO] 21:35:47 : TestServerHandler.channelRead() receive msgID: 1
length: 233
name: "Hello"

[INFO] 21:35:50 : TestServerHandler.channelRead() receive msgID: 1
length: 233
name: "Hello"

[INFO] 21:35:53 : TestServerHandler.channelRead() receive msgID: 1
length: 233
name: "Hello"

[INFO] 21:35:56 : TestServerHandler.channelRead() receive msgID: 1
length: 233
name: "Hello"

[INFO] 21:35:59 : TestServerHandler.channelRead() receive msgID: 1
length: 233
name: "Hello"

[INFO] 21:36:02 : TestServerHandler.channelRead() receive msgID: 1
length: 233
name: "Hello"

[INFO] 21:36:05 : TestServerHandler.channelRead() receive msgID: 1
length: 233
name: "Hello"

[INFO] 21:36:08 : TestServerHandler.channelRead() receive msgID: 1
length: 233
name: "Hello"

[INFO] 21:36:11 : TestServerHandler.channelRead() receive msgID: 1
length: 233
name: "Hello"

[INFO] 21:36:14 : TestServerHandler.channelRead() receive msgID: 1
length: 233
name: "Hello"

[INFO] 21:36:17 : TestServerHandler.channelRead() receive msgID: 1
length: 233
name: "Hello"

[INFO] 21:36:20 : TestServerHandler.channelRead() receive msgID: 1
length: 233
name: "Hello"

[INFO] 21:36:23 : TestServerHandler.channelRead() receive msgID: 1
length: 233
name: "Hello"

[INFO] 21:36:26 : TestServerHandler.channelRead() receive msgID: 1
length: 233
name: "Hello"

[INFO] 21:36:29 : TestServerHandler.channelRead() receive msgID: 1
length: 233
name: "Hello"

[INFO] 21:36:32 : TestServerHandler.channelRead() receive msgID: 1
length: 233
name: "Hello"

[INFO] 21:36:35 : TestServerHandler.channelRead() receive msgID: 1
length: 233
name: "Hello"

[INFO] 21:36:38 : TestServerHandler.channelRead() receive msgID: 1
length: 233
name: "Hello"

[INFO] 21:36:41 : TestServerHandler.channelRead() receive msgID: 1
length: 233
name: "Hello"

[INFO] 21:36:44 : TestServerHandler.channelRead() receive msgID: 1
length: 233
name: "Hello"

[INFO] 21:36:47 : TestServerHandler.channelRead() receive msgID: 1
length: 233
name: "Hello"

[INFO] 21:36:50 : TestServerHandler.channelRead() receive msgID: 1
length: 233
name: "Hello"

[INFO] 21:36:53 : TestServerHandler.channelRead() receive msgID: 1
length: 233
name: "Hello"

[INFO] 21:36:56 : TestServerHandler.channelRead() receive msgID: 1
length: 233
name: "Hello"

[INFO] 21:36:59 : TestServerHandler.channelRead() receive msgID: 1
length: 233
name: "Hello"

[INFO] 21:37:02 : TestServerHandler.channelRead() receive msgID: 1
length: 233
name: "Hello"

[INFO] 21:37:05 : TestServerHandler.channelRead() receive msgID: 1
length: 233
name: "Hello"

[INFO] 21:37:08 : TestServerHandler.channelRead() receive msgID: 1
length: 233
name: "Hello"

[INFO] 21:37:11 : TestServerHandler.channelRead() receive msgID: 1
length: 233
name: "Hello"

[INFO] 21:37:14 : TestServerHandler.channelRead() receive msgID: 1
length: 233
name: "Hello"

[INFO] 21:37:17 : TestServerHandler.channelRead() receive msgID: 1
length: 233
name: "Hello"

[INFO] 21:37:20 : TestServerHandler.channelRead() receive msgID: 1
length: 233
name: "Hello"

[INFO] 21:37:23 : TestServerHandler.channelRead() receive msgID: 1
length: 233
name: "Hello"

[INFO] 21:37:26 : TestServerHandler.channelRead() receive msgID: 1
length: 233
name: "Hello"

[INFO] 21:37:29 : TestServerHandler.channelRead() receive msgID: 1
length: 233
name: "Hello"

[INFO] 21:37:32 : TestServerHandler.channelRead() receive msgID: 1
length: 233
name: "Hello"

[INFO] 21:37:35 : TestServerHandler.channelRead() receive msgID: 1
length: 233
name: "Hello"

[INFO] 21:37:38 : TestServerHandler.channelRead() receive msgID: 1
length: 233
name: "Hello"

[INFO] 21:37:41 : TestServerHandler.channelRead() receive msgID: 1
length: 233
name: "Hello"

[INFO] 21:37:44 : TestServerHandler.channelRead() receive msgID: 1
length: 233
name: "Hello"

[INFO] 21:37:47 : TestServerHandler.channelRead() receive msgID: 1
length: 233
name: "Hello"

[INFO] 21:37:50 : TestServerHandler.channelRead() receive msgID: 1
length: 233
name: "Hello"

[INFO] 21:37:53 : TestServerHandler.channelRead() receive msgID: 1
length: 233
name: "Hello"

[INFO] 21:37:56 : TestServerHandler.channelRead() receive msgID: 1
length: 233
name: "Hello"

[INFO] 21:37:59 : TestServerHandler.channelRead() receive msgID: 1
length: 233
name: "Hello"

[INFO] 21:38:02 : TestServerHandler.channelRead() receive msgID: 1
length: 233
name: "Hello"

[INFO] 21:38:05 : TestServerHandler.channelRead() receive msgID: 1
length: 233
name: "Hello"

[INFO] 21:38:08 : TestServerHandler.channelRead() receive msgID: 1
length: 233
name: "Hello"

[INFO] 21:38:11 : TestServerHandler.channelRead() receive msgID: 1
length: 233
name: "Hello"

[INFO] 21:38:14 : TestServerHandler.channelRead() receive msgID: 1
length: 233
name: "Hello"

[INFO] 21:38:17 : TestServerHandler.channelRead() receive msgID: 1
length: 233
name: "Hello"

[INFO] 21:38:20 : TestServerHandler.channelRead() receive msgID: 1
length: 233
name: "Hello"

[INFO] 21:38:23 : TestServerHandler.channelRead() receive msgID: 1
length: 233
name: "Hello"

[INFO] 21:38:26 : TestServerHandler.channelRead() receive msgID: 1
length: 233
name: "Hello"

[INFO] 21:38:29 : TestServerHandler.channelRead() receive msgID: 1
length: 233
name: "Hello"

[INFO] 21:38:32 : TestServerHandler.channelRead() receive msgID: 1
length: 233
name: "Hello"

[INFO] 21:38:35 : TestServerHandler.channelRead() receive msgID: 1
length: 233
name: "Hello"

[INFO] 21:38:38 : TestServerHandler.channelRead() receive msgID: 1
length: 233
name: "Hello"

[INFO] 21:38:41 : TestServerHandler.channelRead() receive msgID: 1
length: 233
name: "Hello"

[INFO] 21:38:44 : TestServerHandler.channelRead() receive msgID: 1
length: 233
name: "Hello"

[INFO] 21:38:47 : TestServerHandler.channelRead() receive msgID: 1
length: 233
name: "Hello"

[INFO] 21:38:50 : TestServerHandler.channelRead() receive msgID: 1
length: 233
name: "Hello"

[INFO] 21:38:53 : TestServerHandler.channelRead() receive msgID: 1
length: 233
name: "Hello"

[INFO] 21:38:56 : TestServerHandler.channelRead() receive msgID: 1
length: 233
name: "Hello"

[INFO] 21:38:59 : TestServerHandler.channelRead() receive msgID: 1
length: 233
name: "Hello"

[INFO] 21:39:02 : TestServerHandler.channelRead() receive msgID: 1
length: 233
name: "Hello"

[INFO] 21:39:05 : TestServerHandler.channelRead() receive msgID: 1
length: 233
name: "Hello"

[INFO] 21:39:08 : TestServerHandler.channelRead() receive msgID: 1
length: 233
name: "Hello"

[INFO] 21:39:11 : TestServerHandler.channelRead() receive msgID: 1
length: 233
name: "Hello"

[INFO] 21:39:14 : TestServerHandler.channelRead() receive msgID: 1
length: 233
name: "Hello"

[INFO] 21:39:17 : TestServerHandler.channelRead() receive msgID: 1
length: 233
name: "Hello"

[INFO] 21:39:20 : TestServerHandler.channelRead() receive msgID: 1
length: 233
name: "Hello"

[INFO] 21:39:23 : TestServerHandler.channelRead() receive msgID: 1
length: 233
name: "Hello"

[INFO] 21:39:26 : TestServerHandler.channelRead() receive msgID: 1
length: 233
name: "Hello"

[INFO] 21:39:29 : TestServerHandler.channelRead() receive msgID: 1
length: 233
name: "Hello"

[INFO] 21:39:32 : TestServerHandler.channelRead() receive msgID: 1
length: 233
name: "Hello"

[INFO] 21:39:35 : TestServerHandler.channelRead() receive msgID: 1
length: 233
name: "Hello"

[INFO] 21:39:38 : TestServerHandler.channelRead() receive msgID: 1
length: 233
name: "Hello"

[INFO] 21:39:41 : TestServerHandler.channelRead() receive msgID: 1
length: 233
name: "Hello"

[INFO] 21:39:44 : TestServerHandler.channelRead() receive msgID: 1
length: 233
name: "Hello"

[INFO] 21:39:47 : TestServerHandler.channelRead() receive msgID: 1
length: 233
name: "Hello"

[INFO] 21:39:50 : TestServerHandler.channelRead() receive msgID: 1
length: 233
name: "Hello"

[INFO] 21:39:53 : TestServerHandler.channelRead() receive msgID: 1
length: 233
name: "Hello"

[INFO] 21:39:56 : TestServerHandler.channelRead() receive msgID: 1
length: 233
name: "Hello"

[INFO] 21:39:59 : TestServerHandler.channelRead() receive msgID: 1
length: 233
name: "Hello"

[INFO] 21:40:02 : TestServerHandler.channelRead() receive msgID: 1
length: 233
name: "Hello"

[INFO] 21:40:05 : TestServerHandler.channelRead() receive msgID: 1
length: 233
name: "Hello"

[INFO] 21:40:08 : TestServerHandler.channelRead() receive msgID: 1
length: 233
name: "Hello"

[INFO] 21:40:11 : TestServerHandler.channelRead() receive msgID: 1
length: 233
name: "Hello"

[INFO] 21:40:14 : TestServerHandler.channelRead() receive msgID: 1
length: 233
name: "Hello"

[INFO] 21:40:17 : TestServerHandler.channelRead() receive msgID: 1
length: 233
name: "Hello"

[INFO] 21:40:20 : TestServerHandler.channelRead() receive msgID: 1
length: 233
name: "Hello"

[INFO] 21:40:23 : TestServerHandler.channelRead() receive msgID: 1
length: 233
name: "Hello"

[INFO] 21:40:26 : TestServerHandler.channelRead() receive msgID: 1
length: 233
name: "Hello"

[INFO] 21:40:29 : TestServerHandler.channelRead() receive msgID: 1
length: 233
name: "Hello"

[INFO] 21:40:32 : TestServerHandler.channelRead() receive msgID: 1
length: 233
name: "Hello"

[INFO] 21:40:35 : TestServerHandler.channelRead() receive msgID: 1
length: 233
name: "Hello"

[INFO] 21:40:38 : TestServerHandler.channelRead() receive msgID: 1
length: 233
name: "Hello"

[INFO] 21:40:41 : TestServerHandler.channelRead() receive msgID: 1
length: 233
name: "Hello"

[INFO] 21:40:44 : TestServerHandler.channelRead() receive msgID: 1
length: 233
name: "Hello"

[INFO] 21:40:47 : TestServerHandler.channelRead() receive msgID: 1
length: 233
name: "Hello"

[INFO] 21:40:50 : TestServerHandler.channelRead() receive msgID: 1
length: 233
name: "Hello"

[INFO] 21:40:53 : TestServerHandler.channelRead() receive msgID: 1
length: 233
name: "Hello"

[INFO] 21:40:56 : TestServerHandler.channelRead() receive msgID: 1
length: 233
name: "Hello"

[INFO] 21:40:59 : TestServerHandler.channelRead() receive msgID: 1
length: 233
name: "Hello"

[INFO] 21:41:02 : TestServerHandler.channelRead() receive msgID: 1
length: 233
name: "Hello"

[INFO] 21:41:05 : TestServerHandler.channelRead() receive msgID: 1
length: 233
name: "Hello"

[INFO] 21:41:08 : TestServerHandler.channelRead() receive msgID: 1
length: 233
name: "Hello"

[INFO] 21:41:11 : TestServerHandler.channelRead() receive msgID: 1
length: 233
name: "Hello"

[INFO] 21:41:14 : TestServerHandler.channelRead() receive msgID: 1
length: 233
name: "Hello"

[INFO] 21:41:17 : TestServerHandler.channelRead() receive msgID: 1
length: 233
name: "Hello"

[INFO] 21:41:20 : TestServerHandler.channelRead() receive msgID: 1
length: 233
name: "Hello"

[INFO] 21:41:23 : TestServerHandler.channelRead() receive msgID: 1
length: 233
name: "Hello"

[INFO] 21:41:26 : TestServerHandler.channelRead() receive msgID: 1
length: 233
name: "Hello"

[INFO] 21:41:29 : TestServerHandler.channelRead() receive msgID: 1
length: 233
name: "Hello"

[INFO] 21:41:32 : TestServerHandler.channelRead() receive msgID: 1
length: 233
name: "Hello"

[INFO] 21:41:35 : TestServerHandler.channelRead() receive msgID: 1
length: 233
name: "Hello"

[INFO] 21:41:38 : TestServerHandler.channelRead() receive msgID: 1
length: 233
name: "Hello"

[INFO] 21:41:41 : TestServerHandler.channelRead() receive msgID: 1
length: 233
name: "Hello"

[DEBUG] 21:42:42 : Using Log4J as the default logging framework
[DEBUG] 21:42:42 : -Dio.netty.eventLoopThreads: 16
[DEBUG] 21:42:42 : java.nio.Buffer.address: available
[DEBUG] 21:42:42 : sun.misc.Unsafe.theUnsafe: available
[DEBUG] 21:42:42 : sun.misc.Unsafe.copyMemory: available
[DEBUG] 21:42:42 : java.nio.Bits.unaligned: true
[DEBUG] 21:42:42 : Platform: Windows
[DEBUG] 21:42:42 : Java version: 8
[DEBUG] 21:42:42 : -Dio.netty.noUnsafe: false
[DEBUG] 21:42:42 : sun.misc.Unsafe: available
[DEBUG] 21:42:42 : -Dio.netty.noJavassist: false
[DEBUG] 21:42:42 : Javassist: unavailable
[DEBUG] 21:42:42 : You don't have Javassist in your class path or you don't have enough permission to load dynamically generated classes.  Please check the configuration for better performance.
[DEBUG] 21:42:42 : -Dio.netty.tmpdir: C:\Users\18910\AppData\Local\Temp (java.io.tmpdir)
[DEBUG] 21:42:42 : -Dio.netty.bitMode: 64 (sun.arch.data.model)
[DEBUG] 21:42:42 : -Dio.netty.noPreferDirect: false
[DEBUG] 21:42:42 : -Dio.netty.noKeySetOptimization: false
[DEBUG] 21:42:42 : -Dio.netty.selectorAutoRebuildThreshold: 512
[DEBUG] 21:42:42 : -Dio.netty.processId: 18860 (auto-detected)
[DEBUG] 21:42:42 : -Dio.netty.machineId: 18:31:bf:ff:fe:b9:d9:2d (auto-detected)
[DEBUG] 21:42:42 : -Dio.netty.initialSeedUniquifier: 0x2bdb4d361c697781 (took 23 ms)
[DEBUG] 21:42:43 : -Dio.netty.allocator.numHeapArenas: 8
[DEBUG] 21:42:43 : -Dio.netty.allocator.numDirectArenas: 8
[DEBUG] 21:42:43 : -Dio.netty.allocator.pageSize: 8192
[DEBUG] 21:42:43 : -Dio.netty.allocator.maxOrder: 11
[DEBUG] 21:42:43 : -Dio.netty.allocator.chunkSize: 16777216
[DEBUG] 21:42:43 : -Dio.netty.allocator.tinyCacheSize: 512
[DEBUG] 21:42:43 : -Dio.netty.allocator.smallCacheSize: 256
[DEBUG] 21:42:43 : -Dio.netty.allocator.normalCacheSize: 64
[DEBUG] 21:42:43 : -Dio.netty.allocator.maxCachedBufferCapacity: 32768
[DEBUG] 21:42:43 : -Dio.netty.allocator.cacheTrimInterval: 8192
[DEBUG] 21:42:43 : -Dio.netty.allocator.type: pooled
[DEBUG] 21:42:43 : -Dio.netty.threadLocalDirectBufferSize: 65536
[DEBUG] 21:42:43 : Loopback interface: lo (Software Loopback Interface 1, 127.0.0.1)
[DEBUG] 21:42:43 : \proc\sys\net\core\somaxconn: 200 (non-existent)
[INFO] 21:42:43 : TestServer.run() TestServer /127.0.0.1:8080 started!
[INFO] 21:42:43 : TestServer.run() TestServer /127.0.0.1:8081 started!
[INFO] 21:42:43 : TestServerHandler.channelRegistered() this channel is[id: 0x99757b16]
[INFO] 21:42:43 : TestServerClient.addServer connected:[id: 0x99757b16, /127.0.0.1:6270 => /127.0.0.1:8081]
[INFO] 21:42:43 : TestServerHandler.channelRegistered() this channel is[id: 0xb5bb96fa, /127.0.0.1:6270 => /127.0.0.1:8081]
[DEBUG] 21:45:07 : Using Log4J as the default logging framework
[DEBUG] 21:45:07 : -Dio.netty.eventLoopThreads: 16
[DEBUG] 21:45:07 : java.nio.Buffer.address: available
[DEBUG] 21:45:07 : sun.misc.Unsafe.theUnsafe: available
[DEBUG] 21:45:07 : sun.misc.Unsafe.copyMemory: available
[DEBUG] 21:45:07 : java.nio.Bits.unaligned: true
[DEBUG] 21:45:07 : Platform: Windows
[DEBUG] 21:45:07 : Java version: 8
[DEBUG] 21:45:07 : -Dio.netty.noUnsafe: false
[DEBUG] 21:45:07 : sun.misc.Unsafe: available
[DEBUG] 21:45:07 : -Dio.netty.noJavassist: false
[DEBUG] 21:45:07 : Javassist: unavailable
[DEBUG] 21:45:07 : You don't have Javassist in your class path or you don't have enough permission to load dynamically generated classes.  Please check the configuration for better performance.
[DEBUG] 21:45:07 : -Dio.netty.tmpdir: C:\Users\18910\AppData\Local\Temp (java.io.tmpdir)
[DEBUG] 21:45:07 : -Dio.netty.bitMode: 64 (sun.arch.data.model)
[DEBUG] 21:45:07 : -Dio.netty.noPreferDirect: false
[DEBUG] 21:45:07 : -Dio.netty.noKeySetOptimization: false
[DEBUG] 21:45:07 : -Dio.netty.selectorAutoRebuildThreshold: 512
[DEBUG] 21:45:07 : -Dio.netty.processId: 12100 (auto-detected)
[DEBUG] 21:45:07 : -Dio.netty.machineId: 18:31:bf:ff:fe:b9:d9:2d (auto-detected)
[DEBUG] 21:45:07 : -Dio.netty.initialSeedUniquifier: 0xed58cef3a9ccd68a (took 13 ms)
[DEBUG] 21:45:07 : -Dio.netty.allocator.numHeapArenas: 8
[DEBUG] 21:45:07 : -Dio.netty.allocator.numDirectArenas: 8
[DEBUG] 21:45:07 : -Dio.netty.allocator.pageSize: 8192
[DEBUG] 21:45:07 : -Dio.netty.allocator.maxOrder: 11
[DEBUG] 21:45:07 : -Dio.netty.allocator.chunkSize: 16777216
[DEBUG] 21:45:07 : -Dio.netty.allocator.tinyCacheSize: 512
[DEBUG] 21:45:07 : -Dio.netty.allocator.smallCacheSize: 256
[DEBUG] 21:45:07 : -Dio.netty.allocator.normalCacheSize: 64
[DEBUG] 21:45:07 : -Dio.netty.allocator.maxCachedBufferCapacity: 32768
[DEBUG] 21:45:07 : -Dio.netty.allocator.cacheTrimInterval: 8192
[DEBUG] 21:45:07 : -Dio.netty.allocator.type: pooled
[DEBUG] 21:45:07 : -Dio.netty.threadLocalDirectBufferSize: 65536
[DEBUG] 21:45:07 : Loopback interface: lo (Software Loopback Interface 1, 127.0.0.1)
[DEBUG] 21:45:07 : \proc\sys\net\core\somaxconn: 200 (non-existent)
[INFO] 21:45:07 : TestServer.run() TestServer /127.0.0.1:8080 started!
[INFO] 21:45:07 : TestServer.run() TestServer /127.0.0.1:8081 started!
[INFO] 21:45:07 : TestServerHandler.channelRegistered() this channel is[id: 0x647ce19a]
[INFO] 21:45:07 : TestServerClient.addServer connected:[id: 0x647ce19a, /127.0.0.1:6509 => /127.0.0.1:8081]
[INFO] 21:45:07 : TestServerHandler.channelRegistered() this channel is[id: 0x33f85235, /127.0.0.1:6509 => /127.0.0.1:8081]
[DEBUG] 21:45:10 : -Dio.netty.recycler.maxCapacity: 262144
[DEBUG] 21:45:10 : -Dio.netty.leakDetectionLevel: simple
[INFO] 21:45:10 : TestServerHandler.channelRead() receive msgID: 1
length: 233
name: "Hello"

[INFO] 21:45:13 : TestServerHandler.channelRead() receive msgID: 1
length: 233
name: "Hello"

[INFO] 21:45:16 : TestServerHandler.channelRead() receive msgID: 1
length: 233
name: "Hello"

[INFO] 21:45:19 : TestServerHandler.channelRead() receive msgID: 1
length: 233
name: "Hello"

[INFO] 21:45:22 : TestServerHandler.channelRead() receive msgID: 1
length: 233
name: "Hello"

[INFO] 21:45:25 : TestServerHandler.channelRead() receive msgID: 1
length: 233
name: "Hello"

[INFO] 21:45:28 : TestServerHandler.channelRead() receive msgID: 1
length: 233
name: "Hello"

[INFO] 21:45:31 : TestServerHandler.channelRead() receive msgID: 1
length: 233
name: "Hello"

[INFO] 21:45:34 : TestServerHandler.channelRead() receive msgID: 1
length: 233
name: "Hello"

[INFO] 21:45:37 : TestServerHandler.channelRead() receive msgID: 1
length: 233
name: "Hello"

[DEBUG] 19:11:46 : Using Log4J as the default logging framework
[DEBUG] 19:11:46 : -Dio.netty.eventLoopThreads: 16
[DEBUG] 19:11:46 : java.nio.Buffer.address: available
[DEBUG] 19:11:46 : sun.misc.Unsafe.theUnsafe: available
[DEBUG] 19:11:46 : sun.misc.Unsafe.copyMemory: available
[DEBUG] 19:11:46 : java.nio.Bits.unaligned: true
[DEBUG] 19:11:46 : Platform: Windows
[DEBUG] 19:11:46 : Java version: 8
[DEBUG] 19:11:46 : -Dio.netty.noUnsafe: false
[DEBUG] 19:11:46 : sun.misc.Unsafe: available
[DEBUG] 19:11:46 : -Dio.netty.noJavassist: false
[DEBUG] 19:11:46 : Javassist: unavailable
[DEBUG] 19:11:46 : You don't have Javassist in your class path or you don't have enough permission to load dynamically generated classes.  Please check the configuration for better performance.
[DEBUG] 19:11:46 : -Dio.netty.tmpdir: C:\Users\18910\AppData\Local\Temp (java.io.tmpdir)
[DEBUG] 19:11:46 : -Dio.netty.bitMode: 64 (sun.arch.data.model)
[DEBUG] 19:11:46 : -Dio.netty.noPreferDirect: false
[DEBUG] 19:11:46 : -Dio.netty.noKeySetOptimization: false
[DEBUG] 19:11:46 : -Dio.netty.selectorAutoRebuildThreshold: 512
[DEBUG] 19:11:46 : -Dio.netty.processId: 16440 (auto-detected)
[DEBUG] 19:11:46 : -Dio.netty.machineId: 18:31:bf:ff:fe:b9:d9:2d (auto-detected)
[DEBUG] 19:11:46 : -Dio.netty.initialSeedUniquifier: 0xd5c6e3f68310b32e (took 21 ms)
[DEBUG] 19:11:46 : -Dio.netty.allocator.numHeapArenas: 8
[DEBUG] 19:11:46 : -Dio.netty.allocator.numDirectArenas: 8
[DEBUG] 19:11:46 : -Dio.netty.allocator.pageSize: 8192
[DEBUG] 19:11:46 : -Dio.netty.allocator.maxOrder: 11
[DEBUG] 19:11:46 : -Dio.netty.allocator.chunkSize: 16777216
[DEBUG] 19:11:46 : -Dio.netty.allocator.tinyCacheSize: 512
[DEBUG] 19:11:46 : -Dio.netty.allocator.smallCacheSize: 256
[DEBUG] 19:11:46 : -Dio.netty.allocator.normalCacheSize: 64
[DEBUG] 19:11:46 : -Dio.netty.allocator.maxCachedBufferCapacity: 32768
[DEBUG] 19:11:46 : -Dio.netty.allocator.cacheTrimInterval: 8192
[DEBUG] 19:11:46 : -Dio.netty.allocator.type: pooled
[DEBUG] 19:11:46 : -Dio.netty.threadLocalDirectBufferSize: 65536
[DEBUG] 19:11:47 : Loopback interface: lo (Software Loopback Interface 1, 127.0.0.1)
[DEBUG] 19:11:47 : \proc\sys\net\core\somaxconn: 200 (non-existent)
[INFO] 19:11:47 : TestServer.run() TestServer /127.0.0.1:8080 started!
[INFO] 19:11:47 : TestServer.run() TestServer /127.0.0.1:8081 started!
[INFO] 19:11:47 : TestServerHandler.channelRegistered() this channel is[id: 0xad74049d]
[INFO] 19:11:47 : TestServerClient.addServer connected:[id: 0xad74049d, /127.0.0.1:7822 => /127.0.0.1:8081]
[INFO] 19:11:47 : TestServerHandler.channelRegistered() this channel is[id: 0x1d13ae39, /127.0.0.1:7822 => /127.0.0.1:8081]
[DEBUG] 19:11:49 : -Dio.netty.recycler.maxCapacity: 262144
[DEBUG] 19:11:49 : -Dio.netty.leakDetectionLevel: simple
[INFO] 19:11:49 : TestServerHandler.channelRead() receive msgID: 1
length: 233
name: "Hello"

[INFO] 19:11:52 : TestServerHandler.channelRead() receive msgID: 1
length: 233
name: "Hello"

[INFO] 19:11:55 : TestServerHandler.channelRead() receive msgID: 1
length: 233
name: "Hello"

[DEBUG] 20:01:39 : Using Log4J as the default logging framework
[DEBUG] 20:01:39 : -Dio.netty.eventLoopThreads: 16
[DEBUG] 20:01:39 : java.nio.Buffer.address: available
[DEBUG] 20:01:39 : sun.misc.Unsafe.theUnsafe: available
[DEBUG] 20:01:39 : sun.misc.Unsafe.copyMemory: available
[DEBUG] 20:01:39 : java.nio.Bits.unaligned: true
[DEBUG] 20:01:39 : Platform: Windows
[DEBUG] 20:01:39 : Java version: 8
[DEBUG] 20:01:39 : -Dio.netty.noUnsafe: false
[DEBUG] 20:01:39 : sun.misc.Unsafe: available
[DEBUG] 20:01:39 : -Dio.netty.noJavassist: false
[DEBUG] 20:01:39 : Javassist: unavailable
[DEBUG] 20:01:39 : You don't have Javassist in your class path or you don't have enough permission to load dynamically generated classes.  Please check the configuration for better performance.
[DEBUG] 20:01:39 : -Dio.netty.tmpdir: C:\Users\18910\AppData\Local\Temp (java.io.tmpdir)
[DEBUG] 20:01:39 : -Dio.netty.bitMode: 64 (sun.arch.data.model)
[DEBUG] 20:01:39 : -Dio.netty.noPreferDirect: false
[DEBUG] 20:01:39 : -Dio.netty.noKeySetOptimization: false
[DEBUG] 20:01:39 : -Dio.netty.selectorAutoRebuildThreshold: 512
[DEBUG] 20:01:40 : -Dio.netty.processId: 15424 (auto-detected)
[DEBUG] 20:01:40 : -Dio.netty.machineId: 18:31:bf:ff:fe:b9:d9:2d (auto-detected)
[DEBUG] 20:01:40 : -Dio.netty.initialSeedUniquifier: 0xe427ffe9ae4035de (took 24 ms)
[DEBUG] 20:01:40 : -Dio.netty.allocator.numHeapArenas: 8
[DEBUG] 20:01:40 : -Dio.netty.allocator.numDirectArenas: 8
[DEBUG] 20:01:40 : -Dio.netty.allocator.pageSize: 8192
[DEBUG] 20:01:40 : -Dio.netty.allocator.maxOrder: 11
[DEBUG] 20:01:40 : -Dio.netty.allocator.chunkSize: 16777216
[DEBUG] 20:01:40 : -Dio.netty.allocator.tinyCacheSize: 512
[DEBUG] 20:01:40 : -Dio.netty.allocator.smallCacheSize: 256
[DEBUG] 20:01:40 : -Dio.netty.allocator.normalCacheSize: 64
[DEBUG] 20:01:40 : -Dio.netty.allocator.maxCachedBufferCapacity: 32768
[DEBUG] 20:01:40 : -Dio.netty.allocator.cacheTrimInterval: 8192
[DEBUG] 20:01:40 : -Dio.netty.allocator.type: pooled
[DEBUG] 20:01:40 : -Dio.netty.threadLocalDirectBufferSize: 65536
[DEBUG] 20:01:40 : Loopback interface: lo (Software Loopback Interface 1, 127.0.0.1)
[DEBUG] 20:01:40 : \proc\sys\net\core\somaxconn: 200 (non-existent)
[INFO] 20:01:40 : TestServer.run() TestServer /127.0.0.1:8080 started!
[DEBUG] 20:03:01 : Using Log4J as the default logging framework
[DEBUG] 20:03:01 : -Dio.netty.eventLoopThreads: 16
[DEBUG] 20:03:01 : java.nio.Buffer.address: available
[DEBUG] 20:03:01 : sun.misc.Unsafe.theUnsafe: available
[DEBUG] 20:03:01 : sun.misc.Unsafe.copyMemory: available
[DEBUG] 20:03:01 : java.nio.Bits.unaligned: true
[DEBUG] 20:03:01 : Platform: Windows
[DEBUG] 20:03:01 : Java version: 8
[DEBUG] 20:03:01 : -Dio.netty.noUnsafe: false
[DEBUG] 20:03:01 : sun.misc.Unsafe: available
[DEBUG] 20:03:01 : -Dio.netty.noJavassist: false
[DEBUG] 20:03:01 : Javassist: unavailable
[DEBUG] 20:03:01 : You don't have Javassist in your class path or you don't have enough permission to load dynamically generated classes.  Please check the configuration for better performance.
[DEBUG] 20:03:01 : -Dio.netty.tmpdir: C:\Users\18910\AppData\Local\Temp (java.io.tmpdir)
[DEBUG] 20:03:01 : -Dio.netty.bitMode: 64 (sun.arch.data.model)
[DEBUG] 20:03:01 : -Dio.netty.noPreferDirect: false
[DEBUG] 20:03:01 : -Dio.netty.noKeySetOptimization: false
[DEBUG] 20:03:01 : -Dio.netty.selectorAutoRebuildThreshold: 512
[DEBUG] 20:03:05 : -Dio.netty.processId: 16596 (auto-detected)
[DEBUG] 20:03:05 : -Dio.netty.machineId: 18:31:bf:ff:fe:b9:d9:2d (auto-detected)
[DEBUG] 20:03:05 : -Dio.netty.initialSeedUniquifier: 0xe19716f34d3f27c6 (took 11 ms)
[DEBUG] 20:03:05 : -Dio.netty.allocator.numHeapArenas: 8
[DEBUG] 20:03:05 : -Dio.netty.allocator.numDirectArenas: 8
[DEBUG] 20:03:05 : -Dio.netty.allocator.pageSize: 8192
[DEBUG] 20:03:05 : -Dio.netty.allocator.maxOrder: 11
[DEBUG] 20:03:05 : -Dio.netty.allocator.chunkSize: 16777216
[DEBUG] 20:03:05 : -Dio.netty.allocator.tinyCacheSize: 512
[DEBUG] 20:03:05 : -Dio.netty.allocator.smallCacheSize: 256
[DEBUG] 20:03:05 : -Dio.netty.allocator.normalCacheSize: 64
[DEBUG] 20:03:05 : -Dio.netty.allocator.maxCachedBufferCapacity: 32768
[DEBUG] 20:03:05 : -Dio.netty.allocator.cacheTrimInterval: 8192
[DEBUG] 20:03:05 : -Dio.netty.allocator.type: pooled
[DEBUG] 20:03:05 : -Dio.netty.threadLocalDirectBufferSize: 65536
[DEBUG] 20:03:05 : Loopback interface: lo (Software Loopback Interface 1, 127.0.0.1)
[DEBUG] 20:03:05 : \proc\sys\net\core\somaxconn: 200 (non-existent)
[INFO] 20:03:06 : TestServer.run() TestServer /127.0.0.1:8080 started!
[DEBUG] 20:03:39 : Using Log4J as the default logging framework
[DEBUG] 20:03:39 : -Dio.netty.eventLoopThreads: 16
[DEBUG] 20:03:39 : java.nio.Buffer.address: available
[DEBUG] 20:03:39 : sun.misc.Unsafe.theUnsafe: available
[DEBUG] 20:03:39 : sun.misc.Unsafe.copyMemory: available
[DEBUG] 20:03:39 : java.nio.Bits.unaligned: true
[DEBUG] 20:03:39 : Platform: Windows
[DEBUG] 20:03:39 : Java version: 8
[DEBUG] 20:03:39 : -Dio.netty.noUnsafe: false
[DEBUG] 20:03:39 : sun.misc.Unsafe: available
[DEBUG] 20:03:39 : -Dio.netty.noJavassist: false
[DEBUG] 20:03:39 : Javassist: unavailable
[DEBUG] 20:03:39 : You don't have Javassist in your class path or you don't have enough permission to load dynamically generated classes.  Please check the configuration for better performance.
[DEBUG] 20:03:39 : -Dio.netty.tmpdir: C:\Users\18910\AppData\Local\Temp (java.io.tmpdir)
[DEBUG] 20:03:39 : -Dio.netty.bitMode: 64 (sun.arch.data.model)
[DEBUG] 20:03:39 : -Dio.netty.noPreferDirect: false
[DEBUG] 20:03:39 : -Dio.netty.noKeySetOptimization: false
[DEBUG] 20:03:39 : -Dio.netty.selectorAutoRebuildThreshold: 512
[DEBUG] 20:03:39 : -Dio.netty.processId: 19408 (auto-detected)
[DEBUG] 20:03:40 : -Dio.netty.machineId: 18:31:bf:ff:fe:b9:d9:2d (auto-detected)
[DEBUG] 20:03:40 : -Dio.netty.initialSeedUniquifier: 0x5ec56c09ac4e6cef (took 27 ms)
[DEBUG] 20:03:40 : -Dio.netty.allocator.numHeapArenas: 8
[DEBUG] 20:03:40 : -Dio.netty.allocator.numDirectArenas: 8
[DEBUG] 20:03:40 : -Dio.netty.allocator.pageSize: 8192
[DEBUG] 20:03:40 : -Dio.netty.allocator.maxOrder: 11
[DEBUG] 20:03:40 : -Dio.netty.allocator.chunkSize: 16777216
[DEBUG] 20:03:40 : -Dio.netty.allocator.tinyCacheSize: 512
[DEBUG] 20:03:40 : -Dio.netty.allocator.smallCacheSize: 256
[DEBUG] 20:03:40 : -Dio.netty.allocator.normalCacheSize: 64
[DEBUG] 20:03:40 : -Dio.netty.allocator.maxCachedBufferCapacity: 32768
[DEBUG] 20:03:40 : -Dio.netty.allocator.cacheTrimInterval: 8192
[DEBUG] 20:03:40 : -Dio.netty.allocator.type: pooled
[DEBUG] 20:03:40 : -Dio.netty.threadLocalDirectBufferSize: 65536
[DEBUG] 20:03:40 : Loopback interface: lo (Software Loopback Interface 1, 127.0.0.1)
[DEBUG] 20:03:40 : \proc\sys\net\core\somaxconn: 200 (non-existent)
[INFO] 20:03:40 : TestServer.run() TestServer /127.0.0.1:8080 started!
[DEBUG] 20:03:46 : Using Log4J as the default logging framework
[DEBUG] 20:03:46 : -Dio.netty.eventLoopThreads: 16
[DEBUG] 20:03:46 : java.nio.Buffer.address: available
[DEBUG] 20:03:46 : sun.misc.Unsafe.theUnsafe: available
[DEBUG] 20:03:46 : sun.misc.Unsafe.copyMemory: available
[DEBUG] 20:03:46 : java.nio.Bits.unaligned: true
[DEBUG] 20:03:46 : Platform: Windows
[DEBUG] 20:03:46 : Java version: 8
[DEBUG] 20:03:46 : -Dio.netty.noUnsafe: false
[DEBUG] 20:03:46 : sun.misc.Unsafe: available
[DEBUG] 20:03:46 : -Dio.netty.noJavassist: false
[DEBUG] 20:03:46 : Javassist: unavailable
[DEBUG] 20:03:46 : You don't have Javassist in your class path or you don't have enough permission to load dynamically generated classes.  Please check the configuration for better performance.
[DEBUG] 20:03:46 : -Dio.netty.tmpdir: C:\Users\18910\AppData\Local\Temp (java.io.tmpdir)
[DEBUG] 20:03:46 : -Dio.netty.bitMode: 64 (sun.arch.data.model)
[DEBUG] 20:03:46 : -Dio.netty.noPreferDirect: false
[DEBUG] 20:03:46 : -Dio.netty.noKeySetOptimization: false
[DEBUG] 20:03:46 : -Dio.netty.selectorAutoRebuildThreshold: 512
[DEBUG] 20:03:47 : -Dio.netty.processId: 15172 (auto-detected)
[DEBUG] 20:03:47 : -Dio.netty.machineId: 18:31:bf:ff:fe:b9:d9:2d (auto-detected)
[DEBUG] 20:03:47 : -Dio.netty.initialSeedUniquifier: 0x075c225a61144501 (took 26 ms)
[DEBUG] 20:03:47 : -Dio.netty.allocator.numHeapArenas: 8
[DEBUG] 20:03:47 : -Dio.netty.allocator.numDirectArenas: 8
[DEBUG] 20:03:47 : -Dio.netty.allocator.pageSize: 8192
[DEBUG] 20:03:47 : -Dio.netty.allocator.maxOrder: 11
[DEBUG] 20:03:47 : -Dio.netty.allocator.chunkSize: 16777216
[DEBUG] 20:03:47 : -Dio.netty.allocator.tinyCacheSize: 512
[DEBUG] 20:03:47 : -Dio.netty.allocator.smallCacheSize: 256
[DEBUG] 20:03:47 : -Dio.netty.allocator.normalCacheSize: 64
[DEBUG] 20:03:47 : -Dio.netty.allocator.maxCachedBufferCapacity: 32768
[DEBUG] 20:03:47 : -Dio.netty.allocator.cacheTrimInterval: 8192
[DEBUG] 20:03:47 : -Dio.netty.allocator.type: pooled
[DEBUG] 20:03:47 : -Dio.netty.threadLocalDirectBufferSize: 65536
[DEBUG] 20:03:47 : Loopback interface: lo (Software Loopback Interface 1, 127.0.0.1)
[DEBUG] 20:03:47 : \proc\sys\net\core\somaxconn: 200 (non-existent)
[INFO] 20:03:47 : TestServer.run() TestServer /127.0.0.1:8080 started!
[DEBUG] 20:04:27 : Using Log4J as the default logging framework
[DEBUG] 20:04:27 : -Dio.netty.eventLoopThreads: 16
[DEBUG] 20:04:27 : java.nio.Buffer.address: available
[DEBUG] 20:04:27 : sun.misc.Unsafe.theUnsafe: available
[DEBUG] 20:04:27 : sun.misc.Unsafe.copyMemory: available
[DEBUG] 20:04:27 : java.nio.Bits.unaligned: true
[DEBUG] 20:04:27 : Platform: Windows
[DEBUG] 20:04:27 : Java version: 8
[DEBUG] 20:04:27 : -Dio.netty.noUnsafe: false
[DEBUG] 20:04:27 : sun.misc.Unsafe: available
[DEBUG] 20:04:27 : -Dio.netty.noJavassist: false
[DEBUG] 20:04:27 : Javassist: unavailable
[DEBUG] 20:04:27 : You don't have Javassist in your class path or you don't have enough permission to load dynamically generated classes.  Please check the configuration for better performance.
[DEBUG] 20:04:27 : -Dio.netty.tmpdir: C:\Users\18910\AppData\Local\Temp (java.io.tmpdir)
[DEBUG] 20:04:27 : -Dio.netty.bitMode: 64 (sun.arch.data.model)
[DEBUG] 20:04:27 : -Dio.netty.noPreferDirect: false
[DEBUG] 20:04:27 : -Dio.netty.noKeySetOptimization: false
[DEBUG] 20:04:27 : -Dio.netty.selectorAutoRebuildThreshold: 512
[DEBUG] 20:04:27 : -Dio.netty.processId: 17632 (auto-detected)
[DEBUG] 20:04:27 : -Dio.netty.machineId: 18:31:bf:ff:fe:b9:d9:2d (auto-detected)
[DEBUG] 20:04:27 : -Dio.netty.initialSeedUniquifier: 0x6bb3059b3944c34d (took 22 ms)
[DEBUG] 20:04:27 : -Dio.netty.allocator.numHeapArenas: 8
[DEBUG] 20:04:27 : -Dio.netty.allocator.numDirectArenas: 8
[DEBUG] 20:04:27 : -Dio.netty.allocator.pageSize: 8192
[DEBUG] 20:04:27 : -Dio.netty.allocator.maxOrder: 11
[DEBUG] 20:04:27 : -Dio.netty.allocator.chunkSize: 16777216
[DEBUG] 20:04:27 : -Dio.netty.allocator.tinyCacheSize: 512
[DEBUG] 20:04:27 : -Dio.netty.allocator.smallCacheSize: 256
[DEBUG] 20:04:27 : -Dio.netty.allocator.normalCacheSize: 64
[DEBUG] 20:04:27 : -Dio.netty.allocator.maxCachedBufferCapacity: 32768
[DEBUG] 20:04:27 : -Dio.netty.allocator.cacheTrimInterval: 8192
[DEBUG] 20:04:27 : -Dio.netty.allocator.type: pooled
[DEBUG] 20:04:27 : -Dio.netty.threadLocalDirectBufferSize: 65536
[DEBUG] 20:04:27 : Loopback interface: lo (Software Loopback Interface 1, 127.0.0.1)
[DEBUG] 20:04:27 : \proc\sys\net\core\somaxconn: 200 (non-existent)
[INFO] 20:04:27 : TestServer.run() TestServer /127.0.0.1:8080 started!
[DEBUG] 20:05:04 : Using Log4J as the default logging framework
[DEBUG] 20:05:04 : -Dio.netty.eventLoopThreads: 16
[DEBUG] 20:05:04 : java.nio.Buffer.address: available
[DEBUG] 20:05:04 : sun.misc.Unsafe.theUnsafe: available
[DEBUG] 20:05:04 : sun.misc.Unsafe.copyMemory: available
[DEBUG] 20:05:04 : java.nio.Bits.unaligned: true
[DEBUG] 20:05:04 : Platform: Windows
[DEBUG] 20:05:04 : Java version: 8
[DEBUG] 20:05:04 : -Dio.netty.noUnsafe: false
[DEBUG] 20:05:04 : sun.misc.Unsafe: available
[DEBUG] 20:05:04 : -Dio.netty.noJavassist: false
[DEBUG] 20:05:04 : Javassist: unavailable
[DEBUG] 20:05:04 : You don't have Javassist in your class path or you don't have enough permission to load dynamically generated classes.  Please check the configuration for better performance.
[DEBUG] 20:05:04 : -Dio.netty.tmpdir: C:\Users\18910\AppData\Local\Temp (java.io.tmpdir)
[DEBUG] 20:05:04 : -Dio.netty.bitMode: 64 (sun.arch.data.model)
[DEBUG] 20:05:04 : -Dio.netty.noPreferDirect: false
[DEBUG] 20:05:04 : -Dio.netty.noKeySetOptimization: false
[DEBUG] 20:05:04 : -Dio.netty.selectorAutoRebuildThreshold: 512
[DEBUG] 20:05:04 : -Dio.netty.processId: 11736 (auto-detected)
[DEBUG] 20:05:04 : -Dio.netty.machineId: 18:31:bf:ff:fe:b9:d9:2d (auto-detected)
[DEBUG] 20:05:04 : -Dio.netty.initialSeedUniquifier: 0x45ab7ca4da9af79b (took 22 ms)
[DEBUG] 20:05:04 : -Dio.netty.allocator.numHeapArenas: 8
[DEBUG] 20:05:04 : -Dio.netty.allocator.numDirectArenas: 8
[DEBUG] 20:05:04 : -Dio.netty.allocator.pageSize: 8192
[DEBUG] 20:05:04 : -Dio.netty.allocator.maxOrder: 11
[DEBUG] 20:05:04 : -Dio.netty.allocator.chunkSize: 16777216
[DEBUG] 20:05:04 : -Dio.netty.allocator.tinyCacheSize: 512
[DEBUG] 20:05:04 : -Dio.netty.allocator.smallCacheSize: 256
[DEBUG] 20:05:04 : -Dio.netty.allocator.normalCacheSize: 64
[DEBUG] 20:05:04 : -Dio.netty.allocator.maxCachedBufferCapacity: 32768
[DEBUG] 20:05:04 : -Dio.netty.allocator.cacheTrimInterval: 8192
[DEBUG] 20:05:04 : -Dio.netty.allocator.type: pooled
[DEBUG] 20:05:04 : -Dio.netty.threadLocalDirectBufferSize: 65536
[DEBUG] 20:05:05 : Loopback interface: lo (Software Loopback Interface 1, 127.0.0.1)
[DEBUG] 20:05:05 : \proc\sys\net\core\somaxconn: 200 (non-existent)
[INFO] 20:05:05 : TestServer.run() TestServer /127.0.0.1:8080 started!
[INFO] 20:05:05 : TestServer.run() TestServer /127.0.0.1:8081 started!
[INFO] 20:05:05 : TestServerHandler.channelRegistered() this channel is[id: 0xff3e07df]
[INFO] 20:05:05 : TestServerHandler.channelRegistered() this channel is[id: 0x71128bed]
[INFO] 20:05:05 : TestServerClient.syncAddServer connected[id: 0x71128bed, /127.0.0.1:9416 => /127.0.0.1:8080]
[INFO] 20:05:05 : TestServerClient.run: connected: [id: 0x71128bed, /127.0.0.1:9416 => /127.0.0.1:8080], add to channelMap
[INFO] 20:05:05 : TestServerClient.syncAddServer connected[id: 0xff3e07df, /127.0.0.1:9417 => /127.0.0.1:8080]
[INFO] 20:05:05 : TestServerClient.run: connected: [id: 0xff3e07df, /127.0.0.1:9417 => /127.0.0.1:8080], add to channelMap
[INFO] 20:05:05 : TestServerHandler.channelRegistered() this channel is[id: 0x846ff33f, /127.0.0.1:9417 => /127.0.0.1:8080]
[INFO] 20:05:05 : TestServerHandler.channelRegistered() this channel is[id: 0x072d98e8, /127.0.0.1:9416 => /127.0.0.1:8080]
[INFO] 20:05:05 : TestServerHandler.channelRegistered() this channel is[id: 0xb63b84a7]
[INFO] 20:05:05 : TestServerHandler.channelRegistered() this channel is[id: 0xcf7e7245]
[INFO] 20:05:05 : TestServerClient.syncAddServer connected[id: 0xb63b84a7, /127.0.0.1:9418 => /127.0.0.1:8081]
[INFO] 20:05:05 : TestServerClient.run: connected: [id: 0xb63b84a7, /127.0.0.1:9418 => /127.0.0.1:8081], add to channelMap
[INFO] 20:05:05 : TestServerClient.run: servers connection complete!
[INFO] 20:05:05 : TestServerClient.syncAddServer connected[id: 0xcf7e7245, /127.0.0.1:9419 => /127.0.0.1:8081]
[INFO] 20:05:05 : TestServerClient.run: connected: [id: 0xcf7e7245, /127.0.0.1:9419 => /127.0.0.1:8081], add to channelMap
[INFO] 20:05:05 : TestServerClient.run: servers connection complete!
[INFO] 20:05:05 : TestServerHandler.channelRegistered() this channel is[id: 0xd12f2f4b, /127.0.0.1:9418 => /127.0.0.1:8081]
[INFO] 20:05:05 : TestServerHandler.channelRegistered() this channel is[id: 0x3a2d8d5b, /127.0.0.1:9419 => /127.0.0.1:8081]
[DEBUG] 20:05:08 : -Dio.netty.recycler.maxCapacity: 262144
[DEBUG] 20:05:08 : -Dio.netty.leakDetectionLevel: simple
[INFO] 20:05:08 : TestServerHandler.channelRead() receive length: 233
name: "Hello"

[INFO] 20:05:08 : TestServerHandler.channelRead() receive msgID: 1
length: 233
name: "Hello"

[INFO] 20:05:11 : TestServerHandler.channelRead() receive length: 233
name: "Hello"

[INFO] 20:05:11 : TestServerHandler.channelRead() receive msgID: 1
length: 233
name: "Hello"

[INFO] 20:05:14 : TestServerHandler.channelRead() receive length: 233
name: "Hello"

[INFO] 20:05:14 : TestServerHandler.channelRead() receive msgID: 1
length: 233
name: "Hello"

[INFO] 20:05:17 : TestServerHandler.channelRead() receive length: 233
name: "Hello"

[INFO] 20:05:17 : TestServerHandler.channelRead() receive msgID: 1
length: 233
name: "Hello"

[INFO] 20:05:20 : TestServerHandler.channelRead() receive length: 233
name: "Hello"

[INFO] 20:05:20 : TestServerHandler.channelRead() receive msgID: 1
length: 233
name: "Hello"

[INFO] 20:05:23 : TestServerHandler.channelRead() receive length: 233
name: "Hello"

[INFO] 20:05:23 : TestServerHandler.channelRead() receive msgID: 1
length: 233
name: "Hello"

[INFO] 20:05:26 : TestServerHandler.channelRead() receive length: 233
name: "Hello"

[INFO] 20:05:26 : TestServerHandler.channelRead() receive msgID: 1
length: 233
name: "Hello"

[DEBUG] 20:14:39 : Using Log4J as the default logging framework
[DEBUG] 20:14:39 : -Dio.netty.eventLoopThreads: 16
[DEBUG] 20:14:39 : java.nio.Buffer.address: available
[DEBUG] 20:14:39 : sun.misc.Unsafe.theUnsafe: available
[DEBUG] 20:14:39 : sun.misc.Unsafe.copyMemory: available
[DEBUG] 20:14:39 : java.nio.Bits.unaligned: true
[DEBUG] 20:14:39 : Platform: Windows
[DEBUG] 20:14:39 : Java version: 8
[DEBUG] 20:14:39 : -Dio.netty.noUnsafe: false
[DEBUG] 20:14:39 : sun.misc.Unsafe: available
[DEBUG] 20:14:39 : -Dio.netty.noJavassist: false
[DEBUG] 20:14:39 : Javassist: unavailable
[DEBUG] 20:14:39 : You don't have Javassist in your class path or you don't have enough permission to load dynamically generated classes.  Please check the configuration for better performance.
[DEBUG] 20:14:39 : -Dio.netty.tmpdir: C:\Users\18910\AppData\Local\Temp (java.io.tmpdir)
[DEBUG] 20:14:39 : -Dio.netty.bitMode: 64 (sun.arch.data.model)
[DEBUG] 20:14:39 : -Dio.netty.noPreferDirect: false
[DEBUG] 20:14:39 : -Dio.netty.noKeySetOptimization: false
[DEBUG] 20:14:39 : -Dio.netty.selectorAutoRebuildThreshold: 512
[DEBUG] 20:14:40 : -Dio.netty.processId: 8340 (auto-detected)
[DEBUG] 20:14:40 : -Dio.netty.machineId: 18:31:bf:ff:fe:b9:d9:2d (auto-detected)
[DEBUG] 20:14:40 : -Dio.netty.initialSeedUniquifier: 0xa7b6d33a231f59c5 (took 12 ms)
[DEBUG] 20:14:40 : -Dio.netty.allocator.numHeapArenas: 8
[DEBUG] 20:14:40 : -Dio.netty.allocator.numDirectArenas: 8
[DEBUG] 20:14:40 : -Dio.netty.allocator.pageSize: 8192
[DEBUG] 20:14:40 : -Dio.netty.allocator.maxOrder: 11
[DEBUG] 20:14:40 : -Dio.netty.allocator.chunkSize: 16777216
[DEBUG] 20:14:40 : -Dio.netty.allocator.tinyCacheSize: 512
[DEBUG] 20:14:40 : -Dio.netty.allocator.smallCacheSize: 256
[DEBUG] 20:14:40 : -Dio.netty.allocator.normalCacheSize: 64
[DEBUG] 20:14:40 : -Dio.netty.allocator.maxCachedBufferCapacity: 32768
[DEBUG] 20:14:40 : -Dio.netty.allocator.cacheTrimInterval: 8192
[DEBUG] 20:14:40 : -Dio.netty.allocator.type: pooled
[DEBUG] 20:14:40 : -Dio.netty.threadLocalDirectBufferSize: 65536
[DEBUG] 20:14:40 : Loopback interface: lo (Software Loopback Interface 1, 127.0.0.1)
[DEBUG] 20:14:40 : \proc\sys\net\core\somaxconn: 200 (non-existent)
[INFO] 20:14:40 : TestServer.run() TestServer /127.0.0.1:8080 started!
[INFO] 20:14:40 : TestServer.run() TestServer /127.0.0.1:8081 started!
[INFO] 20:14:40 : TestServerClientHandler.channelRegistered() this channel is[id: 0x98ba3454]
[INFO] 20:14:40 : TestServerClientHandler.channelRegistered() this channel is[id: 0x766d642c]
[INFO] 20:14:40 : TestServerClient.syncAddServer connected[id: 0x98ba3454, /127.0.0.1:9766 => /127.0.0.1:8080]
[INFO] 20:14:40 : TestServerClient.run: connected: [id: 0x98ba3454, /127.0.0.1:9766 => /127.0.0.1:8080], add to channelMap
[INFO] 20:14:40 : TestServerClient.syncAddServer connected[id: 0x766d642c, /127.0.0.1:9767 => /127.0.0.1:8080]
[INFO] 20:14:40 : TestServerClient.run: connected: [id: 0x766d642c, /127.0.0.1:9767 => /127.0.0.1:8080], add to channelMap
[INFO] 20:14:40 : TestServerHandler.channelRegistered() this channel is[id: 0x264b2820, /127.0.0.1:9767 => /127.0.0.1:8080]
[INFO] 20:14:40 : TestServerHandler.channelRegistered() this channel is[id: 0x5ff1d248, /127.0.0.1:9766 => /127.0.0.1:8080]
[INFO] 20:14:40 : TestServerClientHandler.channelRegistered() this channel is[id: 0x50725f6f]
[INFO] 20:14:40 : TestServerClientHandler.channelRegistered() this channel is[id: 0x67ba9477]
[INFO] 20:14:40 : TestServerClient.syncAddServer connected[id: 0x50725f6f, /127.0.0.1:9768 => /127.0.0.1:8081]
[INFO] 20:14:40 : TestServerClient.run: connected: [id: 0x50725f6f, /127.0.0.1:9768 => /127.0.0.1:8081], add to channelMap
[INFO] 20:14:40 : TestServerClient.run: servers connection complete!
[INFO] 20:14:40 : TestServerClient.syncAddServer connected[id: 0x67ba9477, /127.0.0.1:9769 => /127.0.0.1:8081]
[INFO] 20:14:40 : TestServerClient.run: connected: [id: 0x67ba9477, /127.0.0.1:9769 => /127.0.0.1:8081], add to channelMap
[INFO] 20:14:40 : TestServerClient.run: servers connection complete!
[INFO] 20:14:40 : TestServerHandler.channelRegistered() this channel is[id: 0x80236f07, /127.0.0.1:9769 => /127.0.0.1:8081]
[INFO] 20:14:40 : TestServerHandler.channelRegistered() this channel is[id: 0x04dd8776, /127.0.0.1:9768 => /127.0.0.1:8081]
[DEBUG] 20:14:43 : -Dio.netty.recycler.maxCapacity: 262144
[DEBUG] 20:14:43 : -Dio.netty.leakDetectionLevel: simple
[INFO] 20:14:43 : TestServerHandler.channelRead() receive length: 233
name: "Hello"
from[id: 0x5ff1d248, /127.0.0.1:9766 => /127.0.0.1:8080]
[INFO] 20:14:43 : TestServerHandler.channelRead() receive msgID: 1
length: 233
name: "Hello"
from[id: 0x04dd8776, /127.0.0.1:9768 => /127.0.0.1:8081]
[INFO] 20:14:46 : TestServerHandler.channelRead() receive msgID: 1
length: 233
name: "Hello"
from[id: 0x04dd8776, /127.0.0.1:9768 => /127.0.0.1:8081]
[INFO] 20:14:46 : TestServerHandler.channelRead() receive length: 233
name: "Hello"
from[id: 0x5ff1d248, /127.0.0.1:9766 => /127.0.0.1:8080]
[INFO] 20:14:49 : TestServerHandler.channelRead() receive length: 233
name: "Hello"
from[id: 0x5ff1d248, /127.0.0.1:9766 => /127.0.0.1:8080]
[INFO] 20:14:49 : TestServerHandler.channelRead() receive msgID: 1
length: 233
name: "Hello"
from[id: 0x04dd8776, /127.0.0.1:9768 => /127.0.0.1:8081]
[INFO] 20:14:52 : TestServerHandler.channelRead() receive length: 233
name: "Hello"
from[id: 0x5ff1d248, /127.0.0.1:9766 => /127.0.0.1:8080]
[INFO] 20:14:52 : TestServerHandler.channelRead() receive msgID: 1
length: 233
name: "Hello"
from[id: 0x04dd8776, /127.0.0.1:9768 => /127.0.0.1:8081]
[INFO] 20:14:55 : TestServerHandler.channelRead() receive msgID: 1
length: 233
name: "Hello"
from[id: 0x04dd8776, /127.0.0.1:9768 => /127.0.0.1:8081]
[INFO] 20:14:55 : TestServerHandler.channelRead() receive length: 233
name: "Hello"
from[id: 0x5ff1d248, /127.0.0.1:9766 => /127.0.0.1:8080]
[INFO] 20:14:58 : TestServerHandler.channelRead() receive msgID: 1
length: 233
name: "Hello"
from[id: 0x04dd8776, /127.0.0.1:9768 => /127.0.0.1:8081]
[INFO] 20:14:58 : TestServerHandler.channelRead() receive length: 233
name: "Hello"
from[id: 0x5ff1d248, /127.0.0.1:9766 => /127.0.0.1:8080]
[INFO] 20:15:01 : TestServerHandler.channelRead() receive msgID: 1
length: 233
name: "Hello"
from[id: 0x04dd8776, /127.0.0.1:9768 => /127.0.0.1:8081]
[INFO] 20:15:01 : TestServerHandler.channelRead() receive length: 233
name: "Hello"
from[id: 0x5ff1d248, /127.0.0.1:9766 => /127.0.0.1:8080]
[INFO] 20:15:04 : TestServerHandler.channelRead() receive msgID: 1
length: 233
name: "Hello"
from[id: 0x04dd8776, /127.0.0.1:9768 => /127.0.0.1:8081]
[INFO] 20:15:04 : TestServerHandler.channelRead() receive length: 233
name: "Hello"
from[id: 0x5ff1d248, /127.0.0.1:9766 => /127.0.0.1:8080]
[INFO] 20:15:07 : TestServerHandler.channelRead() receive msgID: 1
length: 233
name: "Hello"
from[id: 0x04dd8776, /127.0.0.1:9768 => /127.0.0.1:8081]
[INFO] 20:15:07 : TestServerHandler.channelRead() receive length: 233
name: "Hello"
from[id: 0x5ff1d248, /127.0.0.1:9766 => /127.0.0.1:8080]
